2022-07-27T07:36:34+00:00 CRITICAL syntax error, unexpected token "if" в /home/admin/web/5.kpipartners.ru/public_html/wp-content/plugins/wp-wc-add/wp-wc-add.php на строке 27

2022-07-27T07:48:02+00:00 CRITICAL Declaration of TutsplusText_Widget::widget($args) must be compatible with WP_Widget::widget($args, $instance) в /home/admin/web/5.kpipartners.ru/public_html/wp-content/plugins/wp-wc-add/wp-wc-add.php на строке 34

2022-07-27T07:48:18+00:00 CRITICAL Declaration of TutsplusText_Widget::widget() must be compatible with WP_Widget::widget($args, $instance) в /home/admin/web/5.kpipartners.ru/public_html/wp-content/plugins/wp-wc-add/wp-wc-add.php на строке 34

2022-07-27T07:50:45+00:00 CRITICAL syntax error, unexpected single-quoted string "" в /home/admin/web/5.kpipartners.ru/public_html/wp-content/plugins/wp-wc-add/wp-wc-add.php на строке 48

2022-07-27T07:51:03+00:00 CRITICAL syntax error, unexpected single-quoted string "" в /home/admin/web/5.kpipartners.ru/public_html/wp-content/plugins/wp-wc-add/wp-wc-add.php на строке 47

2022-07-27T07:55:21+00:00 CRITICAL Declaration of Foo::widget() must be compatible with WP_Widget::widget($args, $instance) в /home/admin/web/5.kpipartners.ru/public_html/wp-content/plugins/wp-wc-add/wp-wc-add.php на строке 17

2022-07-27T11:53:40+00:00 CRITICAL syntax error, unexpected token "}", expecting "elseif" or "else" or "endif" в /home/admin/web/5.kpipartners.ru/public_html/wp-content/themes/top-store/inc/footer-function.php на строке 36

2022-07-27T11:53:40+00:00 CRITICAL syntax error, unexpected token "}", expecting "elseif" or "else" or "endif" в /home/admin/web/5.kpipartners.ru/public_html/wp-content/themes/top-store/inc/footer-function.php на строке 36

2022-07-27T11:56:16+00:00 CRITICAL Unclosed '{' on line 11 в /home/admin/web/5.kpipartners.ru/public_html/wp-content/themes/top-store/inc/footer-function.php на строке 362

2022-07-27T11:56:16+00:00 CRITICAL Unclosed '{' on line 11 в /home/admin/web/5.kpipartners.ru/public_html/wp-content/themes/top-store/inc/footer-function.php на строке 362

2022-07-27T11:59:44+00:00 CRITICAL syntax error, unexpected token "elseif" в /home/admin/web/5.kpipartners.ru/public_html/wp-content/themes/top-store/inc/footer-function.php на строке 111

2022-07-27T16:08:47+00:00 CRITICAL Uncaught Error: Cannot use object of type mysqli_result as array in /home/admin/web/5.kpipartners.ru/public_html/wp-content/plugins/wp-wc-add/wp-wc-add.php:47
Stack trace:
#0 /home/admin/web/5.kpipartners.ru/public_html/wp-includes/class-wp-widget.php(393): TutsplusText_Widget->widget()
#1 /home/admin/web/5.kpipartners.ru/public_html/wp-includes/widgets.php(835): WP_Widget->display_callback()
#2 /home/admin/web/5.kpipartners.ru/public_html/wp-content/themes/top-store/inc/footer-function.php(136): dynamic_sidebar()
#3 /home/admin/web/5.kpipartners.ru/public_html/wp-includes/class-wp-hook.php(307): top_store_widget_footer_markup()
#4 /home/admin/web/5.kpipartners.ru/public_html/wp-includes/class-wp-hook.php(331): WP_Hook->apply_filters()
#5 /home/admin/web/5.kpipartners.ru/public_html/wp-includes/plugin.php(476): WP_Hook->do_action()
#6 /home/admin/web/5.kpipartners.ru/public_html/wp-content/themes/top-store/footer.php(17): do_action()
#7 /home/admin/web/5.kpipartners.ru/public_html/wp-includes/template.php(770): require_once('...')
#8 /home/admin/web/5.kpipartners.ru/public_html/wp-includes/template.php(716): load_template()
#9 /home/admin/web/5.kpipartners.ru/public_html/wp-includes/general-template.php(92): locate_template()
#10 /home/admin/web/5.kpipartners.ru/public_html/wp-content/themes/top-store/woocommerce.php(43): get_footer()
#11 /home/admin/web/5.kpipartners.ru/public_html/wp-includes/template-loader.php(106): include('...')
#12 /home/admin/web/5.kpipartners.ru/public_html/wp-blog-header.php(19): require_once('...')
#13 /home/admin/web/5.kpipartners.ru/public_html/index.php(17): require('...')
#14 {main}
  thrown в /home/admin/web/5.kpipartners.ru/public_html/wp-content/plugins/wp-wc-add/wp-wc-add.php на строке 47

2022-07-27T16:09:15+00:00 CRITICAL Uncaught Error: Cannot use object of type mysqli_result as array in /home/admin/web/5.kpipartners.ru/public_html/wp-content/plugins/wp-wc-add/wp-wc-add.php:47
Stack trace:
#0 /home/admin/web/5.kpipartners.ru/public_html/wp-includes/class-wp-widget.php(393): TutsplusText_Widget->widget()
#1 /home/admin/web/5.kpipartners.ru/public_html/wp-includes/widgets.php(835): WP_Widget->display_callback()
#2 /home/admin/web/5.kpipartners.ru/public_html/wp-content/themes/top-store/inc/footer-function.php(136): dynamic_sidebar()
#3 /home/admin/web/5.kpipartners.ru/public_html/wp-includes/class-wp-hook.php(307): top_store_widget_footer_markup()
#4 /home/admin/web/5.kpipartners.ru/public_html/wp-includes/class-wp-hook.php(331): WP_Hook->apply_filters()
#5 /home/admin/web/5.kpipartners.ru/public_html/wp-includes/plugin.php(476): WP_Hook->do_action()
#6 /home/admin/web/5.kpipartners.ru/public_html/wp-content/themes/top-store/footer.php(17): do_action()
#7 /home/admin/web/5.kpipartners.ru/public_html/wp-includes/template.php(770): require_once('...')
#8 /home/admin/web/5.kpipartners.ru/public_html/wp-includes/template.php(716): load_template()
#9 /home/admin/web/5.kpipartners.ru/public_html/wp-includes/general-template.php(92): locate_template()
#10 /home/admin/web/5.kpipartners.ru/public_html/wp-content/themes/top-store/woocommerce.php(43): get_footer()
#11 /home/admin/web/5.kpipartners.ru/public_html/wp-includes/template-loader.php(106): include('...')
#12 /home/admin/web/5.kpipartners.ru/public_html/wp-blog-header.php(19): require_once('...')
#13 /home/admin/web/5.kpipartners.ru/public_html/index.php(17): require('...')
#14 {main}
  thrown в /home/admin/web/5.kpipartners.ru/public_html/wp-content/plugins/wp-wc-add/wp-wc-add.php на строке 47

2022-07-27T16:09:32+00:00 CRITICAL Uncaught Error: Object of class mysqli_result could not be converted to string in /home/admin/web/5.kpipartners.ru/public_html/wp-content/plugins/wp-wc-add/wp-wc-add.php:47
Stack trace:
#0 /home/admin/web/5.kpipartners.ru/public_html/wp-includes/class-wp-widget.php(393): TutsplusText_Widget->widget()
#1 /home/admin/web/5.kpipartners.ru/public_html/wp-includes/widgets.php(835): WP_Widget->display_callback()
#2 /home/admin/web/5.kpipartners.ru/public_html/wp-content/themes/top-store/inc/footer-function.php(136): dynamic_sidebar()
#3 /home/admin/web/5.kpipartners.ru/public_html/wp-includes/class-wp-hook.php(307): top_store_widget_footer_markup()
#4 /home/admin/web/5.kpipartners.ru/public_html/wp-includes/class-wp-hook.php(331): WP_Hook->apply_filters()
#5 /home/admin/web/5.kpipartners.ru/public_html/wp-includes/plugin.php(476): WP_Hook->do_action()
#6 /home/admin/web/5.kpipartners.ru/public_html/wp-content/themes/top-store/footer.php(17): do_action()
#7 /home/admin/web/5.kpipartners.ru/public_html/wp-includes/template.php(770): require_once('...')
#8 /home/admin/web/5.kpipartners.ru/public_html/wp-includes/template.php(716): load_template()
#9 /home/admin/web/5.kpipartners.ru/public_html/wp-includes/general-template.php(92): locate_template()
#10 /home/admin/web/5.kpipartners.ru/public_html/wp-content/themes/top-store/woocommerce.php(43): get_footer()
#11 /home/admin/web/5.kpipartners.ru/public_html/wp-includes/template-loader.php(106): include('...')
#12 /home/admin/web/5.kpipartners.ru/public_html/wp-blog-header.php(19): require_once('...')
#13 /home/admin/web/5.kpipartners.ru/public_html/index.php(17): require('...')
#14 {main}
  thrown в /home/admin/web/5.kpipartners.ru/public_html/wp-content/plugins/wp-wc-add/wp-wc-add.php на строке 47

2022-07-27T16:10:05+00:00 CRITICAL Uncaught Error: Object of class mysqli_result could not be converted to string in /home/admin/web/5.kpipartners.ru/public_html/wp-content/plugins/wp-wc-add/wp-wc-add.php:47
Stack trace:
#0 /home/admin/web/5.kpipartners.ru/public_html/wp-includes/class-wp-widget.php(393): TutsplusText_Widget->widget()
#1 /home/admin/web/5.kpipartners.ru/public_html/wp-includes/widgets.php(835): WP_Widget->display_callback()
#2 /home/admin/web/5.kpipartners.ru/public_html/wp-content/themes/top-store/inc/footer-function.php(136): dynamic_sidebar()
#3 /home/admin/web/5.kpipartners.ru/public_html/wp-includes/class-wp-hook.php(307): top_store_widget_footer_markup()
#4 /home/admin/web/5.kpipartners.ru/public_html/wp-includes/class-wp-hook.php(331): WP_Hook->apply_filters()
#5 /home/admin/web/5.kpipartners.ru/public_html/wp-includes/plugin.php(476): WP_Hook->do_action()
#6 /home/admin/web/5.kpipartners.ru/public_html/wp-content/themes/top-store/footer.php(17): do_action()
#7 /home/admin/web/5.kpipartners.ru/public_html/wp-includes/template.php(770): require_once('...')
#8 /home/admin/web/5.kpipartners.ru/public_html/wp-includes/template.php(716): load_template()
#9 /home/admin/web/5.kpipartners.ru/public_html/wp-includes/general-template.php(92): locate_template()
#10 /home/admin/web/5.kpipartners.ru/public_html/wp-content/themes/top-store/woocommerce.php(43): get_footer()
#11 /home/admin/web/5.kpipartners.ru/public_html/wp-includes/template-loader.php(106): include('...')
#12 /home/admin/web/5.kpipartners.ru/public_html/wp-blog-header.php(19): require_once('...')
#13 /home/admin/web/5.kpipartners.ru/public_html/index.php(17): require('...')
#14 {main}
  thrown в /home/admin/web/5.kpipartners.ru/public_html/wp-content/plugins/wp-wc-add/wp-wc-add.php на строке 47

2022-07-27T16:10:18+00:00 CRITICAL Uncaught Error: Cannot use object of type mysqli_result as array in /home/admin/web/5.kpipartners.ru/public_html/wp-content/plugins/wp-wc-add/wp-wc-add.php:47
Stack trace:
#0 /home/admin/web/5.kpipartners.ru/public_html/wp-includes/class-wp-widget.php(393): TutsplusText_Widget->widget()
#1 /home/admin/web/5.kpipartners.ru/public_html/wp-includes/widgets.php(835): WP_Widget->display_callback()
#2 /home/admin/web/5.kpipartners.ru/public_html/wp-content/themes/top-store/inc/footer-function.php(136): dynamic_sidebar()
#3 /home/admin/web/5.kpipartners.ru/public_html/wp-includes/class-wp-hook.php(307): top_store_widget_footer_markup()
#4 /home/admin/web/5.kpipartners.ru/public_html/wp-includes/class-wp-hook.php(331): WP_Hook->apply_filters()
#5 /home/admin/web/5.kpipartners.ru/public_html/wp-includes/plugin.php(476): WP_Hook->do_action()
#6 /home/admin/web/5.kpipartners.ru/public_html/wp-content/themes/top-store/footer.php(17): do_action()
#7 /home/admin/web/5.kpipartners.ru/public_html/wp-includes/template.php(770): require_once('...')
#8 /home/admin/web/5.kpipartners.ru/public_html/wp-includes/template.php(716): load_template()
#9 /home/admin/web/5.kpipartners.ru/public_html/wp-includes/general-template.php(92): locate_template()
#10 /home/admin/web/5.kpipartners.ru/public_html/wp-content/themes/top-store/woocommerce.php(43): get_footer()
#11 /home/admin/web/5.kpipartners.ru/public_html/wp-includes/template-loader.php(106): include('...')
#12 /home/admin/web/5.kpipartners.ru/public_html/wp-blog-header.php(19): require_once('...')
#13 /home/admin/web/5.kpipartners.ru/public_html/index.php(17): require('...')
#14 {main}
  thrown в /home/admin/web/5.kpipartners.ru/public_html/wp-content/plugins/wp-wc-add/wp-wc-add.php на строке 47

2022-07-27T16:10:32+00:00 CRITICAL Uncaught Error: Object of class mysqli_result could not be converted to string in /home/admin/web/5.kpipartners.ru/public_html/wp-content/plugins/wp-wc-add/wp-wc-add.php:47
Stack trace:
#0 /home/admin/web/5.kpipartners.ru/public_html/wp-includes/class-wp-widget.php(393): TutsplusText_Widget->widget()
#1 /home/admin/web/5.kpipartners.ru/public_html/wp-includes/widgets.php(835): WP_Widget->display_callback()
#2 /home/admin/web/5.kpipartners.ru/public_html/wp-content/themes/top-store/inc/footer-function.php(136): dynamic_sidebar()
#3 /home/admin/web/5.kpipartners.ru/public_html/wp-includes/class-wp-hook.php(307): top_store_widget_footer_markup()
#4 /home/admin/web/5.kpipartners.ru/public_html/wp-includes/class-wp-hook.php(331): WP_Hook->apply_filters()
#5 /home/admin/web/5.kpipartners.ru/public_html/wp-includes/plugin.php(476): WP_Hook->do_action()
#6 /home/admin/web/5.kpipartners.ru/public_html/wp-content/themes/top-store/footer.php(17): do_action()
#7 /home/admin/web/5.kpipartners.ru/public_html/wp-includes/template.php(770): require_once('...')
#8 /home/admin/web/5.kpipartners.ru/public_html/wp-includes/template.php(716): load_template()
#9 /home/admin/web/5.kpipartners.ru/public_html/wp-includes/general-template.php(92): locate_template()
#10 /home/admin/web/5.kpipartners.ru/public_html/wp-content/themes/top-store/woocommerce.php(43): get_footer()
#11 /home/admin/web/5.kpipartners.ru/public_html/wp-includes/template-loader.php(106): include('...')
#12 /home/admin/web/5.kpipartners.ru/public_html/wp-blog-header.php(19): require_once('...')
#13 /home/admin/web/5.kpipartners.ru/public_html/index.php(17): require('...')
#14 {main}
  thrown в /home/admin/web/5.kpipartners.ru/public_html/wp-content/plugins/wp-wc-add/wp-wc-add.php на строке 47

2022-07-27T16:13:51+00:00 CRITICAL Uncaught Error: Call to undefined method mysqli_result::fetch() in /home/admin/web/5.kpipartners.ru/public_html/wp-content/plugins/wp-wc-add/wp-wc-add.php:45
Stack trace:
#0 /home/admin/web/5.kpipartners.ru/public_html/wp-includes/class-wp-widget.php(393): TutsplusText_Widget->widget()
#1 /home/admin/web/5.kpipartners.ru/public_html/wp-includes/widgets.php(835): WP_Widget->display_callback()
#2 /home/admin/web/5.kpipartners.ru/public_html/wp-content/themes/top-store/inc/footer-function.php(136): dynamic_sidebar()
#3 /home/admin/web/5.kpipartners.ru/public_html/wp-includes/class-wp-hook.php(307): top_store_widget_footer_markup()
#4 /home/admin/web/5.kpipartners.ru/public_html/wp-includes/class-wp-hook.php(331): WP_Hook->apply_filters()
#5 /home/admin/web/5.kpipartners.ru/public_html/wp-includes/plugin.php(476): WP_Hook->do_action()
#6 /home/admin/web/5.kpipartners.ru/public_html/wp-content/themes/top-store/footer.php(17): do_action()
#7 /home/admin/web/5.kpipartners.ru/public_html/wp-includes/template.php(770): require_once('...')
#8 /home/admin/web/5.kpipartners.ru/public_html/wp-includes/template.php(716): load_template()
#9 /home/admin/web/5.kpipartners.ru/public_html/wp-includes/general-template.php(92): locate_template()
#10 /home/admin/web/5.kpipartners.ru/public_html/wp-content/themes/top-store/woocommerce.php(43): get_footer()
#11 /home/admin/web/5.kpipartners.ru/public_html/wp-includes/template-loader.php(106): include('...')
#12 /home/admin/web/5.kpipartners.ru/public_html/wp-blog-header.php(19): require_once('...')
#13 /home/admin/web/5.kpipartners.ru/public_html/index.php(17): require('...')
#14 {main}
  thrown в /home/admin/web/5.kpipartners.ru/public_html/wp-content/plugins/wp-wc-add/wp-wc-add.php на строке 45

2022-07-27T16:17:49+00:00 CRITICAL Uncaught Error: Call to undefined method mysqli_result::fetch() in /home/admin/web/5.kpipartners.ru/public_html/wp-content/plugins/wp-wc-add/wp-wc-add.php:45
Stack trace:
#0 /home/admin/web/5.kpipartners.ru/public_html/wp-includes/class-wp-widget.php(393): TutsplusText_Widget->widget()
#1 /home/admin/web/5.kpipartners.ru/public_html/wp-includes/widgets.php(835): WP_Widget->display_callback()
#2 /home/admin/web/5.kpipartners.ru/public_html/wp-content/themes/top-store/inc/footer-function.php(136): dynamic_sidebar()
#3 /home/admin/web/5.kpipartners.ru/public_html/wp-includes/class-wp-hook.php(307): top_store_widget_footer_markup()
#4 /home/admin/web/5.kpipartners.ru/public_html/wp-includes/class-wp-hook.php(331): WP_Hook->apply_filters()
#5 /home/admin/web/5.kpipartners.ru/public_html/wp-includes/plugin.php(476): WP_Hook->do_action()
#6 /home/admin/web/5.kpipartners.ru/public_html/wp-content/themes/top-store/footer.php(17): do_action()
#7 /home/admin/web/5.kpipartners.ru/public_html/wp-includes/template.php(770): require_once('...')
#8 /home/admin/web/5.kpipartners.ru/public_html/wp-includes/template.php(716): load_template()
#9 /home/admin/web/5.kpipartners.ru/public_html/wp-includes/general-template.php(92): locate_template()
#10 /home/admin/web/5.kpipartners.ru/public_html/wp-content/themes/top-store/woocommerce.php(43): get_footer()
#11 /home/admin/web/5.kpipartners.ru/public_html/wp-includes/template-loader.php(106): include('...')
#12 /home/admin/web/5.kpipartners.ru/public_html/wp-blog-header.php(19): require_once('...')
#13 /home/admin/web/5.kpipartners.ru/public_html/index.php(17): require('...')
#14 {main}
  thrown в /home/admin/web/5.kpipartners.ru/public_html/wp-content/plugins/wp-wc-add/wp-wc-add.php на строке 45

2022-07-27T16:18:33+00:00 CRITICAL Uncaught Error: Call to undefined method mysqli_result::fetch() in /home/admin/web/5.kpipartners.ru/public_html/wp-content/plugins/wp-wc-add/wp-wc-add.php:45
Stack trace:
#0 /home/admin/web/5.kpipartners.ru/public_html/wp-includes/class-wp-widget.php(393): TutsplusText_Widget->widget()
#1 /home/admin/web/5.kpipartners.ru/public_html/wp-includes/widgets.php(835): WP_Widget->display_callback()
#2 /home/admin/web/5.kpipartners.ru/public_html/wp-content/themes/top-store/inc/footer-function.php(136): dynamic_sidebar()
#3 /home/admin/web/5.kpipartners.ru/public_html/wp-includes/class-wp-hook.php(307): top_store_widget_footer_markup()
#4 /home/admin/web/5.kpipartners.ru/public_html/wp-includes/class-wp-hook.php(331): WP_Hook->apply_filters()
#5 /home/admin/web/5.kpipartners.ru/public_html/wp-includes/plugin.php(476): WP_Hook->do_action()
#6 /home/admin/web/5.kpipartners.ru/public_html/wp-content/themes/top-store/footer.php(17): do_action()
#7 /home/admin/web/5.kpipartners.ru/public_html/wp-includes/template.php(770): require_once('...')
#8 /home/admin/web/5.kpipartners.ru/public_html/wp-includes/template.php(716): load_template()
#9 /home/admin/web/5.kpipartners.ru/public_html/wp-includes/general-template.php(92): locate_template()
#10 /home/admin/web/5.kpipartners.ru/public_html/wp-content/themes/top-store/woocommerce.php(43): get_footer()
#11 /home/admin/web/5.kpipartners.ru/public_html/wp-includes/template-loader.php(106): include('...')
#12 /home/admin/web/5.kpipartners.ru/public_html/wp-blog-header.php(19): require_once('...')
#13 /home/admin/web/5.kpipartners.ru/public_html/index.php(17): require('...')
#14 {main}
  thrown в /home/admin/web/5.kpipartners.ru/public_html/wp-content/plugins/wp-wc-add/wp-wc-add.php на строке 45

2022-07-27T16:18:57+00:00 CRITICAL Uncaught Error: Call to undefined method mysqli_result::fetch() in /home/admin/web/5.kpipartners.ru/public_html/wp-content/plugins/wp-wc-add/wp-wc-add.php:45
Stack trace:
#0 /home/admin/web/5.kpipartners.ru/public_html/wp-includes/class-wp-widget.php(393): TutsplusText_Widget->widget()
#1 /home/admin/web/5.kpipartners.ru/public_html/wp-includes/widgets.php(835): WP_Widget->display_callback()
#2 /home/admin/web/5.kpipartners.ru/public_html/wp-content/themes/top-store/inc/footer-function.php(136): dynamic_sidebar()
#3 /home/admin/web/5.kpipartners.ru/public_html/wp-includes/class-wp-hook.php(307): top_store_widget_footer_markup()
#4 /home/admin/web/5.kpipartners.ru/public_html/wp-includes/class-wp-hook.php(331): WP_Hook->apply_filters()
#5 /home/admin/web/5.kpipartners.ru/public_html/wp-includes/plugin.php(476): WP_Hook->do_action()
#6 /home/admin/web/5.kpipartners.ru/public_html/wp-content/themes/top-store/footer.php(17): do_action()
#7 /home/admin/web/5.kpipartners.ru/public_html/wp-includes/template.php(770): require_once('...')
#8 /home/admin/web/5.kpipartners.ru/public_html/wp-includes/template.php(716): load_template()
#9 /home/admin/web/5.kpipartners.ru/public_html/wp-includes/general-template.php(92): locate_template()
#10 /home/admin/web/5.kpipartners.ru/public_html/wp-content/themes/top-store/woocommerce.php(43): get_footer()
#11 /home/admin/web/5.kpipartners.ru/public_html/wp-includes/template-loader.php(106): include('...')
#12 /home/admin/web/5.kpipartners.ru/public_html/wp-blog-header.php(19): require_once('...')
#13 /home/admin/web/5.kpipartners.ru/public_html/index.php(17): require('...')
#14 {main}
  thrown в /home/admin/web/5.kpipartners.ru/public_html/wp-content/plugins/wp-wc-add/wp-wc-add.php на строке 45

2022-07-27T16:19:18+00:00 CRITICAL Uncaught Error: Call to undefined method mysqli_result::fetch() in /home/admin/web/5.kpipartners.ru/public_html/wp-content/plugins/wp-wc-add/wp-wc-add.php:45
Stack trace:
#0 /home/admin/web/5.kpipartners.ru/public_html/wp-includes/class-wp-widget.php(393): TutsplusText_Widget->widget()
#1 /home/admin/web/5.kpipartners.ru/public_html/wp-includes/widgets.php(835): WP_Widget->display_callback()
#2 /home/admin/web/5.kpipartners.ru/public_html/wp-content/themes/top-store/inc/footer-function.php(136): dynamic_sidebar()
#3 /home/admin/web/5.kpipartners.ru/public_html/wp-includes/class-wp-hook.php(307): top_store_widget_footer_markup()
#4 /home/admin/web/5.kpipartners.ru/public_html/wp-includes/class-wp-hook.php(331): WP_Hook->apply_filters()
#5 /home/admin/web/5.kpipartners.ru/public_html/wp-includes/plugin.php(476): WP_Hook->do_action()
#6 /home/admin/web/5.kpipartners.ru/public_html/wp-content/themes/top-store/footer.php(17): do_action()
#7 /home/admin/web/5.kpipartners.ru/public_html/wp-includes/template.php(770): require_once('...')
#8 /home/admin/web/5.kpipartners.ru/public_html/wp-includes/template.php(716): load_template()
#9 /home/admin/web/5.kpipartners.ru/public_html/wp-includes/general-template.php(92): locate_template()
#10 /home/admin/web/5.kpipartners.ru/public_html/wp-content/themes/top-store/woocommerce.php(43): get_footer()
#11 /home/admin/web/5.kpipartners.ru/public_html/wp-includes/template-loader.php(106): include('...')
#12 /home/admin/web/5.kpipartners.ru/public_html/wp-blog-header.php(19): require_once('...')
#13 /home/admin/web/5.kpipartners.ru/public_html/index.php(17): require('...')
#14 {main}
  thrown в /home/admin/web/5.kpipartners.ru/public_html/wp-content/plugins/wp-wc-add/wp-wc-add.php на строке 45

2022-07-27T16:19:33+00:00 CRITICAL Uncaught Error: Call to undefined method mysqli_result::fetch() in /home/admin/web/5.kpipartners.ru/public_html/wp-content/plugins/wp-wc-add/wp-wc-add.php:45
Stack trace:
#0 /home/admin/web/5.kpipartners.ru/public_html/wp-includes/class-wp-widget.php(393): TutsplusText_Widget->widget()
#1 /home/admin/web/5.kpipartners.ru/public_html/wp-includes/widgets.php(835): WP_Widget->display_callback()
#2 /home/admin/web/5.kpipartners.ru/public_html/wp-content/themes/top-store/inc/footer-function.php(136): dynamic_sidebar()
#3 /home/admin/web/5.kpipartners.ru/public_html/wp-includes/class-wp-hook.php(307): top_store_widget_footer_markup()
#4 /home/admin/web/5.kpipartners.ru/public_html/wp-includes/class-wp-hook.php(331): WP_Hook->apply_filters()
#5 /home/admin/web/5.kpipartners.ru/public_html/wp-includes/plugin.php(476): WP_Hook->do_action()
#6 /home/admin/web/5.kpipartners.ru/public_html/wp-content/themes/top-store/footer.php(17): do_action()
#7 /home/admin/web/5.kpipartners.ru/public_html/wp-includes/template.php(770): require_once('...')
#8 /home/admin/web/5.kpipartners.ru/public_html/wp-includes/template.php(716): load_template()
#9 /home/admin/web/5.kpipartners.ru/public_html/wp-includes/general-template.php(92): locate_template()
#10 /home/admin/web/5.kpipartners.ru/public_html/wp-content/themes/top-store/woocommerce.php(43): get_footer()
#11 /home/admin/web/5.kpipartners.ru/public_html/wp-includes/template-loader.php(106): include('...')
#12 /home/admin/web/5.kpipartners.ru/public_html/wp-blog-header.php(19): require_once('...')
#13 /home/admin/web/5.kpipartners.ru/public_html/index.php(17): require('...')
#14 {main}
  thrown в /home/admin/web/5.kpipartners.ru/public_html/wp-content/plugins/wp-wc-add/wp-wc-add.php на строке 45

2022-07-27T16:19:47+00:00 CRITICAL Uncaught Error: Call to undefined method mysqli_result::fetch() in /home/admin/web/5.kpipartners.ru/public_html/wp-content/plugins/wp-wc-add/wp-wc-add.php:45
Stack trace:
#0 /home/admin/web/5.kpipartners.ru/public_html/wp-includes/class-wp-widget.php(393): TutsplusText_Widget->widget()
#1 /home/admin/web/5.kpipartners.ru/public_html/wp-includes/widgets.php(835): WP_Widget->display_callback()
#2 /home/admin/web/5.kpipartners.ru/public_html/wp-content/themes/top-store/inc/footer-function.php(136): dynamic_sidebar()
#3 /home/admin/web/5.kpipartners.ru/public_html/wp-includes/class-wp-hook.php(307): top_store_widget_footer_markup()
#4 /home/admin/web/5.kpipartners.ru/public_html/wp-includes/class-wp-hook.php(331): WP_Hook->apply_filters()
#5 /home/admin/web/5.kpipartners.ru/public_html/wp-includes/plugin.php(476): WP_Hook->do_action()
#6 /home/admin/web/5.kpipartners.ru/public_html/wp-content/themes/top-store/footer.php(17): do_action()
#7 /home/admin/web/5.kpipartners.ru/public_html/wp-includes/template.php(770): require_once('...')
#8 /home/admin/web/5.kpipartners.ru/public_html/wp-includes/template.php(716): load_template()
#9 /home/admin/web/5.kpipartners.ru/public_html/wp-includes/general-template.php(92): locate_template()
#10 /home/admin/web/5.kpipartners.ru/public_html/wp-content/themes/top-store/woocommerce.php(43): get_footer()
#11 /home/admin/web/5.kpipartners.ru/public_html/wp-includes/template-loader.php(106): include('...')
#12 /home/admin/web/5.kpipartners.ru/public_html/wp-blog-header.php(19): require_once('...')
#13 /home/admin/web/5.kpipartners.ru/public_html/index.php(17): require('...')
#14 {main}
  thrown в /home/admin/web/5.kpipartners.ru/public_html/wp-content/plugins/wp-wc-add/wp-wc-add.php на строке 45

2022-07-27T16:19:56+00:00 CRITICAL Uncaught Error: Call to undefined method mysqli_result::fetch() in /home/admin/web/5.kpipartners.ru/public_html/wp-content/plugins/wp-wc-add/wp-wc-add.php:45
Stack trace:
#0 /home/admin/web/5.kpipartners.ru/public_html/wp-includes/class-wp-widget.php(393): TutsplusText_Widget->widget()
#1 /home/admin/web/5.kpipartners.ru/public_html/wp-includes/widgets.php(835): WP_Widget->display_callback()
#2 /home/admin/web/5.kpipartners.ru/public_html/wp-content/themes/top-store/inc/footer-function.php(136): dynamic_sidebar()
#3 /home/admin/web/5.kpipartners.ru/public_html/wp-includes/class-wp-hook.php(307): top_store_widget_footer_markup()
#4 /home/admin/web/5.kpipartners.ru/public_html/wp-includes/class-wp-hook.php(331): WP_Hook->apply_filters()
#5 /home/admin/web/5.kpipartners.ru/public_html/wp-includes/plugin.php(476): WP_Hook->do_action()
#6 /home/admin/web/5.kpipartners.ru/public_html/wp-content/themes/top-store/footer.php(17): do_action()
#7 /home/admin/web/5.kpipartners.ru/public_html/wp-includes/template.php(770): require_once('...')
#8 /home/admin/web/5.kpipartners.ru/public_html/wp-includes/template.php(716): load_template()
#9 /home/admin/web/5.kpipartners.ru/public_html/wp-includes/general-template.php(92): locate_template()
#10 /home/admin/web/5.kpipartners.ru/public_html/wp-content/themes/top-store/woocommerce.php(43): get_footer()
#11 /home/admin/web/5.kpipartners.ru/public_html/wp-includes/template-loader.php(106): include('...')
#12 /home/admin/web/5.kpipartners.ru/public_html/wp-blog-header.php(19): require_once('...')
#13 /home/admin/web/5.kpipartners.ru/public_html/index.php(17): require('...')
#14 {main}
  thrown в /home/admin/web/5.kpipartners.ru/public_html/wp-content/plugins/wp-wc-add/wp-wc-add.php на строке 45

2022-07-27T16:19:59+00:00 CRITICAL Uncaught Error: Call to undefined method mysqli_result::fetch() in /home/admin/web/5.kpipartners.ru/public_html/wp-content/plugins/wp-wc-add/wp-wc-add.php:45
Stack trace:
#0 /home/admin/web/5.kpipartners.ru/public_html/wp-includes/class-wp-widget.php(393): TutsplusText_Widget->widget()
#1 /home/admin/web/5.kpipartners.ru/public_html/wp-includes/widgets.php(835): WP_Widget->display_callback()
#2 /home/admin/web/5.kpipartners.ru/public_html/wp-content/themes/top-store/inc/footer-function.php(136): dynamic_sidebar()
#3 /home/admin/web/5.kpipartners.ru/public_html/wp-includes/class-wp-hook.php(307): top_store_widget_footer_markup()
#4 /home/admin/web/5.kpipartners.ru/public_html/wp-includes/class-wp-hook.php(331): WP_Hook->apply_filters()
#5 /home/admin/web/5.kpipartners.ru/public_html/wp-includes/plugin.php(476): WP_Hook->do_action()
#6 /home/admin/web/5.kpipartners.ru/public_html/wp-content/themes/top-store/footer.php(17): do_action()
#7 /home/admin/web/5.kpipartners.ru/public_html/wp-includes/template.php(770): require_once('...')
#8 /home/admin/web/5.kpipartners.ru/public_html/wp-includes/template.php(716): load_template()
#9 /home/admin/web/5.kpipartners.ru/public_html/wp-includes/general-template.php(92): locate_template()
#10 /home/admin/web/5.kpipartners.ru/public_html/wp-content/themes/top-store/woocommerce.php(43): get_footer()
#11 /home/admin/web/5.kpipartners.ru/public_html/wp-includes/template-loader.php(106): include('...')
#12 /home/admin/web/5.kpipartners.ru/public_html/wp-blog-header.php(19): require_once('...')
#13 /home/admin/web/5.kpipartners.ru/public_html/index.php(17): require('...')
#14 {main}
  thrown в /home/admin/web/5.kpipartners.ru/public_html/wp-content/plugins/wp-wc-add/wp-wc-add.php на строке 45

2022-07-27T16:20:55+00:00 CRITICAL Uncaught Error: Call to undefined method mysqli_result::fetchALL() in /home/admin/web/5.kpipartners.ru/public_html/wp-content/plugins/wp-wc-add/wp-wc-add.php:45
Stack trace:
#0 /home/admin/web/5.kpipartners.ru/public_html/wp-includes/class-wp-widget.php(393): TutsplusText_Widget->widget()
#1 /home/admin/web/5.kpipartners.ru/public_html/wp-includes/widgets.php(835): WP_Widget->display_callback()
#2 /home/admin/web/5.kpipartners.ru/public_html/wp-content/themes/top-store/inc/footer-function.php(136): dynamic_sidebar()
#3 /home/admin/web/5.kpipartners.ru/public_html/wp-includes/class-wp-hook.php(307): top_store_widget_footer_markup()
#4 /home/admin/web/5.kpipartners.ru/public_html/wp-includes/class-wp-hook.php(331): WP_Hook->apply_filters()
#5 /home/admin/web/5.kpipartners.ru/public_html/wp-includes/plugin.php(476): WP_Hook->do_action()
#6 /home/admin/web/5.kpipartners.ru/public_html/wp-content/themes/top-store/footer.php(17): do_action()
#7 /home/admin/web/5.kpipartners.ru/public_html/wp-includes/template.php(770): require_once('...')
#8 /home/admin/web/5.kpipartners.ru/public_html/wp-includes/template.php(716): load_template()
#9 /home/admin/web/5.kpipartners.ru/public_html/wp-includes/general-template.php(92): locate_template()
#10 /home/admin/web/5.kpipartners.ru/public_html/wp-content/themes/top-store/woocommerce.php(43): get_footer()
#11 /home/admin/web/5.kpipartners.ru/public_html/wp-includes/template-loader.php(106): include('...')
#12 /home/admin/web/5.kpipartners.ru/public_html/wp-blog-header.php(19): require_once('...')
#13 /home/admin/web/5.kpipartners.ru/public_html/index.php(17): require('...')
#14 {main}
  thrown в /home/admin/web/5.kpipartners.ru/public_html/wp-content/plugins/wp-wc-add/wp-wc-add.php на строке 45

2022-07-27T16:22:22+00:00 CRITICAL Uncaught Error: Call to a member function prepare() on null in /home/admin/web/5.kpipartners.ru/public_html/wp-content/plugins/wp-wc-add/wp-wc-add.php:45
Stack trace:
#0 /home/admin/web/5.kpipartners.ru/public_html/wp-includes/class-wp-widget.php(393): TutsplusText_Widget->widget()
#1 /home/admin/web/5.kpipartners.ru/public_html/wp-includes/widgets.php(835): WP_Widget->display_callback()
#2 /home/admin/web/5.kpipartners.ru/public_html/wp-content/themes/top-store/inc/footer-function.php(136): dynamic_sidebar()
#3 /home/admin/web/5.kpipartners.ru/public_html/wp-includes/class-wp-hook.php(307): top_store_widget_footer_markup()
#4 /home/admin/web/5.kpipartners.ru/public_html/wp-includes/class-wp-hook.php(331): WP_Hook->apply_filters()
#5 /home/admin/web/5.kpipartners.ru/public_html/wp-includes/plugin.php(476): WP_Hook->do_action()
#6 /home/admin/web/5.kpipartners.ru/public_html/wp-content/themes/top-store/footer.php(17): do_action()
#7 /home/admin/web/5.kpipartners.ru/public_html/wp-includes/template.php(770): require_once('...')
#8 /home/admin/web/5.kpipartners.ru/public_html/wp-includes/template.php(716): load_template()
#9 /home/admin/web/5.kpipartners.ru/public_html/wp-includes/general-template.php(92): locate_template()
#10 /home/admin/web/5.kpipartners.ru/public_html/wp-content/themes/top-store/woocommerce.php(43): get_footer()
#11 /home/admin/web/5.kpipartners.ru/public_html/wp-includes/template-loader.php(106): include('...')
#12 /home/admin/web/5.kpipartners.ru/public_html/wp-blog-header.php(19): require_once('...')
#13 /home/admin/web/5.kpipartners.ru/public_html/index.php(17): require('...')
#14 {main}
  thrown в /home/admin/web/5.kpipartners.ru/public_html/wp-content/plugins/wp-wc-add/wp-wc-add.php на строке 45

2022-07-27T16:25:36+00:00 CRITICAL Uncaught Error: Call to undefined method mysqli_stmt::fetchALL() in /home/admin/web/5.kpipartners.ru/public_html/wp-content/plugins/wp-wc-add/wp-wc-add.php:47
Stack trace:
#0 /home/admin/web/5.kpipartners.ru/public_html/wp-includes/class-wp-widget.php(393): TutsplusText_Widget->widget()
#1 /home/admin/web/5.kpipartners.ru/public_html/wp-includes/widgets.php(835): WP_Widget->display_callback()
#2 /home/admin/web/5.kpipartners.ru/public_html/wp-content/themes/top-store/inc/footer-function.php(136): dynamic_sidebar()
#3 /home/admin/web/5.kpipartners.ru/public_html/wp-includes/class-wp-hook.php(307): top_store_widget_footer_markup()
#4 /home/admin/web/5.kpipartners.ru/public_html/wp-includes/class-wp-hook.php(331): WP_Hook->apply_filters()
#5 /home/admin/web/5.kpipartners.ru/public_html/wp-includes/plugin.php(476): WP_Hook->do_action()
#6 /home/admin/web/5.kpipartners.ru/public_html/wp-content/themes/top-store/footer.php(17): do_action()
#7 /home/admin/web/5.kpipartners.ru/public_html/wp-includes/template.php(770): require_once('...')
#8 /home/admin/web/5.kpipartners.ru/public_html/wp-includes/template.php(716): load_template()
#9 /home/admin/web/5.kpipartners.ru/public_html/wp-includes/general-template.php(92): locate_template()
#10 /home/admin/web/5.kpipartners.ru/public_html/wp-content/themes/top-store/woocommerce.php(43): get_footer()
#11 /home/admin/web/5.kpipartners.ru/public_html/wp-includes/template-loader.php(106): include('...')
#12 /home/admin/web/5.kpipartners.ru/public_html/wp-blog-header.php(19): require_once('...')
#13 /home/admin/web/5.kpipartners.ru/public_html/index.php(17): require('...')
#14 {main}
  thrown в /home/admin/web/5.kpipartners.ru/public_html/wp-content/plugins/wp-wc-add/wp-wc-add.php на строке 47

2022-07-27T16:38:21+00:00 CRITICAL Uncaught Error: Call to undefined method mysqli_stmt::fetchALL() in /home/admin/web/5.kpipartners.ru/public_html/wp-content/plugins/wp-wc-add/wp-wc-add.php:47
Stack trace:
#0 /home/admin/web/5.kpipartners.ru/public_html/wp-includes/class-wp-widget.php(393): TutsplusText_Widget->widget()
#1 /home/admin/web/5.kpipartners.ru/public_html/wp-includes/widgets.php(835): WP_Widget->display_callback()
#2 /home/admin/web/5.kpipartners.ru/public_html/wp-content/themes/top-store/inc/footer-function.php(136): dynamic_sidebar()
#3 /home/admin/web/5.kpipartners.ru/public_html/wp-includes/class-wp-hook.php(307): top_store_widget_footer_markup()
#4 /home/admin/web/5.kpipartners.ru/public_html/wp-includes/class-wp-hook.php(331): WP_Hook->apply_filters()
#5 /home/admin/web/5.kpipartners.ru/public_html/wp-includes/plugin.php(476): WP_Hook->do_action()
#6 /home/admin/web/5.kpipartners.ru/public_html/wp-content/themes/top-store/footer.php(17): do_action()
#7 /home/admin/web/5.kpipartners.ru/public_html/wp-includes/template.php(770): require_once('...')
#8 /home/admin/web/5.kpipartners.ru/public_html/wp-includes/template.php(716): load_template()
#9 /home/admin/web/5.kpipartners.ru/public_html/wp-includes/general-template.php(92): locate_template()
#10 /home/admin/web/5.kpipartners.ru/public_html/wp-content/themes/top-store/404.php(50): get_footer()
#11 /home/admin/web/5.kpipartners.ru/public_html/wp-includes/template-loader.php(106): include('...')
#12 /home/admin/web/5.kpipartners.ru/public_html/wp-blog-header.php(19): require_once('...')
#13 /home/admin/web/5.kpipartners.ru/public_html/index.php(17): require('...')
#14 {main}
  thrown в /home/admin/web/5.kpipartners.ru/public_html/wp-content/plugins/wp-wc-add/wp-wc-add.php на строке 47

2022-07-27T16:45:31+00:00 CRITICAL Uncaught Error: Object of class stdClass could not be converted to string in /home/admin/web/5.kpipartners.ru/public_html/wp-content/plugins/wp-wc-add/wp-wc-add.php:54
Stack trace:
#0 /home/admin/web/5.kpipartners.ru/public_html/wp-includes/class-wp-widget.php(393): TutsplusText_Widget->widget()
#1 /home/admin/web/5.kpipartners.ru/public_html/wp-includes/widgets.php(835): WP_Widget->display_callback()
#2 /home/admin/web/5.kpipartners.ru/public_html/wp-content/themes/top-store/inc/footer-function.php(136): dynamic_sidebar()
#3 /home/admin/web/5.kpipartners.ru/public_html/wp-includes/class-wp-hook.php(307): top_store_widget_footer_markup()
#4 /home/admin/web/5.kpipartners.ru/public_html/wp-includes/class-wp-hook.php(331): WP_Hook->apply_filters()
#5 /home/admin/web/5.kpipartners.ru/public_html/wp-includes/plugin.php(476): WP_Hook->do_action()
#6 /home/admin/web/5.kpipartners.ru/public_html/wp-content/themes/top-store/footer.php(17): do_action()
#7 /home/admin/web/5.kpipartners.ru/public_html/wp-includes/template.php(770): require_once('...')
#8 /home/admin/web/5.kpipartners.ru/public_html/wp-includes/template.php(716): load_template()
#9 /home/admin/web/5.kpipartners.ru/public_html/wp-includes/general-template.php(92): locate_template()
#10 /home/admin/web/5.kpipartners.ru/public_html/wp-content/themes/top-store/woocommerce.php(43): get_footer()
#11 /home/admin/web/5.kpipartners.ru/public_html/wp-includes/template-loader.php(106): include('...')
#12 /home/admin/web/5.kpipartners.ru/public_html/wp-blog-header.php(19): require_once('...')
#13 /home/admin/web/5.kpipartners.ru/public_html/index.php(17): require('...')
#14 {main}
  thrown в /home/admin/web/5.kpipartners.ru/public_html/wp-content/plugins/wp-wc-add/wp-wc-add.php на строке 54

2022-07-27T18:46:50+00:00 CRITICAL Uncaught Error: Object of class mysqli_result could not be converted to string in /home/admin/web/5.kpipartners.ru/public_html/wp-content/plugins/wp-wc-add/wp-wc-add.php:58
Stack trace:
#0 /home/admin/web/5.kpipartners.ru/public_html/wp-includes/class-wp-widget.php(393): TutsplusText_Widget->widget()
#1 /home/admin/web/5.kpipartners.ru/public_html/wp-includes/widgets.php(835): WP_Widget->display_callback()
#2 /home/admin/web/5.kpipartners.ru/public_html/wp-content/themes/top-store/inc/footer-function.php(136): dynamic_sidebar()
#3 /home/admin/web/5.kpipartners.ru/public_html/wp-includes/class-wp-hook.php(307): top_store_widget_footer_markup()
#4 /home/admin/web/5.kpipartners.ru/public_html/wp-includes/class-wp-hook.php(331): WP_Hook->apply_filters()
#5 /home/admin/web/5.kpipartners.ru/public_html/wp-includes/plugin.php(476): WP_Hook->do_action()
#6 /home/admin/web/5.kpipartners.ru/public_html/wp-content/themes/top-store/footer.php(17): do_action()
#7 /home/admin/web/5.kpipartners.ru/public_html/wp-includes/template.php(770): require_once('...')
#8 /home/admin/web/5.kpipartners.ru/public_html/wp-includes/template.php(716): load_template()
#9 /home/admin/web/5.kpipartners.ru/public_html/wp-includes/general-template.php(92): locate_template()
#10 /home/admin/web/5.kpipartners.ru/public_html/wp-content/themes/top-store/woocommerce.php(43): get_footer()
#11 /home/admin/web/5.kpipartners.ru/public_html/wp-includes/template-loader.php(106): include('...')
#12 /home/admin/web/5.kpipartners.ru/public_html/wp-blog-header.php(19): require_once('...')
#13 /home/admin/web/5.kpipartners.ru/public_html/index.php(17): require('...')
#14 {main}
  thrown в /home/admin/web/5.kpipartners.ru/public_html/wp-content/plugins/wp-wc-add/wp-wc-add.php на строке 58

2022-07-27T18:48:41+00:00 CRITICAL Uncaught Error: Object of class mysqli_result could not be converted to string in /home/admin/web/5.kpipartners.ru/public_html/wp-content/plugins/wp-wc-add/wp-wc-add.php:62
Stack trace:
#0 /home/admin/web/5.kpipartners.ru/public_html/wp-includes/class-wp-widget.php(393): TutsplusText_Widget->widget()
#1 /home/admin/web/5.kpipartners.ru/public_html/wp-includes/widgets.php(835): WP_Widget->display_callback()
#2 /home/admin/web/5.kpipartners.ru/public_html/wp-content/themes/top-store/inc/footer-function.php(136): dynamic_sidebar()
#3 /home/admin/web/5.kpipartners.ru/public_html/wp-includes/class-wp-hook.php(307): top_store_widget_footer_markup()
#4 /home/admin/web/5.kpipartners.ru/public_html/wp-includes/class-wp-hook.php(331): WP_Hook->apply_filters()
#5 /home/admin/web/5.kpipartners.ru/public_html/wp-includes/plugin.php(476): WP_Hook->do_action()
#6 /home/admin/web/5.kpipartners.ru/public_html/wp-content/themes/top-store/footer.php(17): do_action()
#7 /home/admin/web/5.kpipartners.ru/public_html/wp-includes/template.php(770): require_once('...')
#8 /home/admin/web/5.kpipartners.ru/public_html/wp-includes/template.php(716): load_template()
#9 /home/admin/web/5.kpipartners.ru/public_html/wp-includes/general-template.php(92): locate_template()
#10 /home/admin/web/5.kpipartners.ru/public_html/wp-content/themes/top-store/woocommerce.php(43): get_footer()
#11 /home/admin/web/5.kpipartners.ru/public_html/wp-includes/template-loader.php(106): include('...')
#12 /home/admin/web/5.kpipartners.ru/public_html/wp-blog-header.php(19): require_once('...')
#13 /home/admin/web/5.kpipartners.ru/public_html/index.php(17): require('...')
#14 {main}
  thrown в /home/admin/web/5.kpipartners.ru/public_html/wp-content/plugins/wp-wc-add/wp-wc-add.php на строке 62

2022-07-27T18:49:08+00:00 CRITICAL Uncaught Error: Object of class mysqli_result could not be converted to string in /home/admin/web/5.kpipartners.ru/public_html/wp-content/plugins/wp-wc-add/wp-wc-add.php:62
Stack trace:
#0 /home/admin/web/5.kpipartners.ru/public_html/wp-includes/class-wp-widget.php(393): TutsplusText_Widget->widget()
#1 /home/admin/web/5.kpipartners.ru/public_html/wp-includes/widgets.php(835): WP_Widget->display_callback()
#2 /home/admin/web/5.kpipartners.ru/public_html/wp-content/themes/top-store/inc/footer-function.php(136): dynamic_sidebar()
#3 /home/admin/web/5.kpipartners.ru/public_html/wp-includes/class-wp-hook.php(307): top_store_widget_footer_markup()
#4 /home/admin/web/5.kpipartners.ru/public_html/wp-includes/class-wp-hook.php(331): WP_Hook->apply_filters()
#5 /home/admin/web/5.kpipartners.ru/public_html/wp-includes/plugin.php(476): WP_Hook->do_action()
#6 /home/admin/web/5.kpipartners.ru/public_html/wp-content/themes/top-store/footer.php(17): do_action()
#7 /home/admin/web/5.kpipartners.ru/public_html/wp-includes/template.php(770): require_once('...')
#8 /home/admin/web/5.kpipartners.ru/public_html/wp-includes/template.php(716): load_template()
#9 /home/admin/web/5.kpipartners.ru/public_html/wp-includes/general-template.php(92): locate_template()
#10 /home/admin/web/5.kpipartners.ru/public_html/wp-content/themes/top-store/woocommerce.php(43): get_footer()
#11 /home/admin/web/5.kpipartners.ru/public_html/wp-includes/template-loader.php(106): include('...')
#12 /home/admin/web/5.kpipartners.ru/public_html/wp-blog-header.php(19): require_once('...')
#13 /home/admin/web/5.kpipartners.ru/public_html/index.php(17): require('...')
#14 {main}
  thrown в /home/admin/web/5.kpipartners.ru/public_html/wp-content/plugins/wp-wc-add/wp-wc-add.php на строке 62

2022-07-27T18:49:21+00:00 CRITICAL Uncaught Error: Object of class mysqli_result could not be converted to string in /home/admin/web/5.kpipartners.ru/public_html/wp-content/plugins/wp-wc-add/wp-wc-add.php:62
Stack trace:
#0 /home/admin/web/5.kpipartners.ru/public_html/wp-includes/class-wp-widget.php(393): TutsplusText_Widget->widget()
#1 /home/admin/web/5.kpipartners.ru/public_html/wp-includes/widgets.php(835): WP_Widget->display_callback()
#2 /home/admin/web/5.kpipartners.ru/public_html/wp-content/themes/top-store/inc/footer-function.php(136): dynamic_sidebar()
#3 /home/admin/web/5.kpipartners.ru/public_html/wp-includes/class-wp-hook.php(307): top_store_widget_footer_markup()
#4 /home/admin/web/5.kpipartners.ru/public_html/wp-includes/class-wp-hook.php(331): WP_Hook->apply_filters()
#5 /home/admin/web/5.kpipartners.ru/public_html/wp-includes/plugin.php(476): WP_Hook->do_action()
#6 /home/admin/web/5.kpipartners.ru/public_html/wp-content/themes/top-store/footer.php(17): do_action()
#7 /home/admin/web/5.kpipartners.ru/public_html/wp-includes/template.php(770): require_once('...')
#8 /home/admin/web/5.kpipartners.ru/public_html/wp-includes/template.php(716): load_template()
#9 /home/admin/web/5.kpipartners.ru/public_html/wp-includes/general-template.php(92): locate_template()
#10 /home/admin/web/5.kpipartners.ru/public_html/wp-content/themes/top-store/woocommerce.php(43): get_footer()
#11 /home/admin/web/5.kpipartners.ru/public_html/wp-includes/template-loader.php(106): include('...')
#12 /home/admin/web/5.kpipartners.ru/public_html/wp-blog-header.php(19): require_once('...')
#13 /home/admin/web/5.kpipartners.ru/public_html/index.php(17): require('...')
#14 {main}
  thrown в /home/admin/web/5.kpipartners.ru/public_html/wp-content/plugins/wp-wc-add/wp-wc-add.php на строке 62

2022-07-27T18:50:19+00:00 CRITICAL Uncaught Error: Object of class mysqli_result could not be converted to string in /home/admin/web/5.kpipartners.ru/public_html/wp-content/plugins/wp-wc-add/wp-wc-add.php:58
Stack trace:
#0 /home/admin/web/5.kpipartners.ru/public_html/wp-includes/class-wp-widget.php(393): TutsplusText_Widget->widget()
#1 /home/admin/web/5.kpipartners.ru/public_html/wp-includes/widgets.php(835): WP_Widget->display_callback()
#2 /home/admin/web/5.kpipartners.ru/public_html/wp-content/themes/top-store/inc/footer-function.php(136): dynamic_sidebar()
#3 /home/admin/web/5.kpipartners.ru/public_html/wp-includes/class-wp-hook.php(307): top_store_widget_footer_markup()
#4 /home/admin/web/5.kpipartners.ru/public_html/wp-includes/class-wp-hook.php(331): WP_Hook->apply_filters()
#5 /home/admin/web/5.kpipartners.ru/public_html/wp-includes/plugin.php(476): WP_Hook->do_action()
#6 /home/admin/web/5.kpipartners.ru/public_html/wp-content/themes/top-store/footer.php(17): do_action()
#7 /home/admin/web/5.kpipartners.ru/public_html/wp-includes/template.php(770): require_once('...')
#8 /home/admin/web/5.kpipartners.ru/public_html/wp-includes/template.php(716): load_template()
#9 /home/admin/web/5.kpipartners.ru/public_html/wp-includes/general-template.php(92): locate_template()
#10 /home/admin/web/5.kpipartners.ru/public_html/wp-content/themes/top-store/woocommerce.php(43): get_footer()
#11 /home/admin/web/5.kpipartners.ru/public_html/wp-includes/template-loader.php(106): include('...')
#12 /home/admin/web/5.kpipartners.ru/public_html/wp-blog-header.php(19): require_once('...')
#13 /home/admin/web/5.kpipartners.ru/public_html/index.php(17): require('...')
#14 {main}
  thrown в /home/admin/web/5.kpipartners.ru/public_html/wp-content/plugins/wp-wc-add/wp-wc-add.php на строке 58

2022-07-27T18:50:21+00:00 CRITICAL Uncaught Error: Object of class mysqli_result could not be converted to string in /home/admin/web/5.kpipartners.ru/public_html/wp-content/plugins/wp-wc-add/wp-wc-add.php:58
Stack trace:
#0 /home/admin/web/5.kpipartners.ru/public_html/wp-includes/class-wp-widget.php(393): TutsplusText_Widget->widget()
#1 /home/admin/web/5.kpipartners.ru/public_html/wp-includes/widgets.php(835): WP_Widget->display_callback()
#2 /home/admin/web/5.kpipartners.ru/public_html/wp-content/themes/top-store/inc/footer-function.php(136): dynamic_sidebar()
#3 /home/admin/web/5.kpipartners.ru/public_html/wp-includes/class-wp-hook.php(307): top_store_widget_footer_markup()
#4 /home/admin/web/5.kpipartners.ru/public_html/wp-includes/class-wp-hook.php(331): WP_Hook->apply_filters()
#5 /home/admin/web/5.kpipartners.ru/public_html/wp-includes/plugin.php(476): WP_Hook->do_action()
#6 /home/admin/web/5.kpipartners.ru/public_html/wp-content/themes/top-store/footer.php(17): do_action()
#7 /home/admin/web/5.kpipartners.ru/public_html/wp-includes/template.php(770): require_once('...')
#8 /home/admin/web/5.kpipartners.ru/public_html/wp-includes/template.php(716): load_template()
#9 /home/admin/web/5.kpipartners.ru/public_html/wp-includes/general-template.php(92): locate_template()
#10 /home/admin/web/5.kpipartners.ru/public_html/wp-content/themes/top-store/woocommerce.php(43): get_footer()
#11 /home/admin/web/5.kpipartners.ru/public_html/wp-includes/template-loader.php(106): include('...')
#12 /home/admin/web/5.kpipartners.ru/public_html/wp-blog-header.php(19): require_once('...')
#13 /home/admin/web/5.kpipartners.ru/public_html/index.php(17): require('...')
#14 {main}
  thrown в /home/admin/web/5.kpipartners.ru/public_html/wp-content/plugins/wp-wc-add/wp-wc-add.php на строке 58

2022-07-27T18:50:42+00:00 CRITICAL Uncaught Error: Object of class mysqli_result could not be converted to string in /home/admin/web/5.kpipartners.ru/public_html/wp-content/plugins/wp-wc-add/wp-wc-add.php:58
Stack trace:
#0 /home/admin/web/5.kpipartners.ru/public_html/wp-includes/class-wp-widget.php(393): TutsplusText_Widget->widget()
#1 /home/admin/web/5.kpipartners.ru/public_html/wp-includes/widgets.php(835): WP_Widget->display_callback()
#2 /home/admin/web/5.kpipartners.ru/public_html/wp-content/themes/top-store/inc/footer-function.php(136): dynamic_sidebar()
#3 /home/admin/web/5.kpipartners.ru/public_html/wp-includes/class-wp-hook.php(307): top_store_widget_footer_markup()
#4 /home/admin/web/5.kpipartners.ru/public_html/wp-includes/class-wp-hook.php(331): WP_Hook->apply_filters()
#5 /home/admin/web/5.kpipartners.ru/public_html/wp-includes/plugin.php(476): WP_Hook->do_action()
#6 /home/admin/web/5.kpipartners.ru/public_html/wp-content/themes/top-store/footer.php(17): do_action()
#7 /home/admin/web/5.kpipartners.ru/public_html/wp-includes/template.php(770): require_once('...')
#8 /home/admin/web/5.kpipartners.ru/public_html/wp-includes/template.php(716): load_template()
#9 /home/admin/web/5.kpipartners.ru/public_html/wp-includes/general-template.php(92): locate_template()
#10 /home/admin/web/5.kpipartners.ru/public_html/wp-content/themes/top-store/woocommerce.php(43): get_footer()
#11 /home/admin/web/5.kpipartners.ru/public_html/wp-includes/template-loader.php(106): include('...')
#12 /home/admin/web/5.kpipartners.ru/public_html/wp-blog-header.php(19): require_once('...')
#13 /home/admin/web/5.kpipartners.ru/public_html/index.php(17): require('...')
#14 {main}
  thrown в /home/admin/web/5.kpipartners.ru/public_html/wp-content/plugins/wp-wc-add/wp-wc-add.php на строке 58

2022-07-27T18:50:58+00:00 CRITICAL Uncaught Error: Object of class mysqli_result could not be converted to string in /home/admin/web/5.kpipartners.ru/public_html/wp-content/plugins/wp-wc-add/wp-wc-add.php:58
Stack trace:
#0 /home/admin/web/5.kpipartners.ru/public_html/wp-includes/class-wp-widget.php(393): TutsplusText_Widget->widget()
#1 /home/admin/web/5.kpipartners.ru/public_html/wp-includes/widgets.php(835): WP_Widget->display_callback()
#2 /home/admin/web/5.kpipartners.ru/public_html/wp-content/themes/top-store/inc/footer-function.php(136): dynamic_sidebar()
#3 /home/admin/web/5.kpipartners.ru/public_html/wp-includes/class-wp-hook.php(307): top_store_widget_footer_markup()
#4 /home/admin/web/5.kpipartners.ru/public_html/wp-includes/class-wp-hook.php(331): WP_Hook->apply_filters()
#5 /home/admin/web/5.kpipartners.ru/public_html/wp-includes/plugin.php(476): WP_Hook->do_action()
#6 /home/admin/web/5.kpipartners.ru/public_html/wp-content/themes/top-store/footer.php(17): do_action()
#7 /home/admin/web/5.kpipartners.ru/public_html/wp-includes/template.php(770): require_once('...')
#8 /home/admin/web/5.kpipartners.ru/public_html/wp-includes/template.php(716): load_template()
#9 /home/admin/web/5.kpipartners.ru/public_html/wp-includes/general-template.php(92): locate_template()
#10 /home/admin/web/5.kpipartners.ru/public_html/wp-content/themes/top-store/woocommerce.php(43): get_footer()
#11 /home/admin/web/5.kpipartners.ru/public_html/wp-includes/template-loader.php(106): include('...')
#12 /home/admin/web/5.kpipartners.ru/public_html/wp-blog-header.php(19): require_once('...')
#13 /home/admin/web/5.kpipartners.ru/public_html/index.php(17): require('...')
#14 {main}
  thrown в /home/admin/web/5.kpipartners.ru/public_html/wp-content/plugins/wp-wc-add/wp-wc-add.php на строке 58

2022-07-27T19:15:27+00:00 CRITICAL Uncaught Error: Call to a member function fetch() on array in /home/admin/web/5.kpipartners.ru/public_html/wp-content/plugins/wp-wc-add/wp-wc-add.php:105
Stack trace:
#0 /home/admin/web/5.kpipartners.ru/public_html/wp-includes/class-wp-widget.php(393): TutsplusText_Widget->widget()
#1 /home/admin/web/5.kpipartners.ru/public_html/wp-includes/widgets.php(835): WP_Widget->display_callback()
#2 /home/admin/web/5.kpipartners.ru/public_html/wp-content/themes/top-store/inc/footer-function.php(136): dynamic_sidebar()
#3 /home/admin/web/5.kpipartners.ru/public_html/wp-includes/class-wp-hook.php(307): top_store_widget_footer_markup()
#4 /home/admin/web/5.kpipartners.ru/public_html/wp-includes/class-wp-hook.php(331): WP_Hook->apply_filters()
#5 /home/admin/web/5.kpipartners.ru/public_html/wp-includes/plugin.php(476): WP_Hook->do_action()
#6 /home/admin/web/5.kpipartners.ru/public_html/wp-content/themes/top-store/footer.php(17): do_action()
#7 /home/admin/web/5.kpipartners.ru/public_html/wp-includes/template.php(770): require_once('...')
#8 /home/admin/web/5.kpipartners.ru/public_html/wp-includes/template.php(716): load_template()
#9 /home/admin/web/5.kpipartners.ru/public_html/wp-includes/general-template.php(92): locate_template()
#10 /home/admin/web/5.kpipartners.ru/public_html/wp-content/themes/top-store/woocommerce.php(43): get_footer()
#11 /home/admin/web/5.kpipartners.ru/public_html/wp-includes/template-loader.php(106): include('...')
#12 /home/admin/web/5.kpipartners.ru/public_html/wp-blog-header.php(19): require_once('...')
#13 /home/admin/web/5.kpipartners.ru/public_html/index.php(17): require('...')
#14 {main}
  thrown в /home/admin/web/5.kpipartners.ru/public_html/wp-content/plugins/wp-wc-add/wp-wc-add.php на строке 105

