2022-07-20T06:49:34+00:00 CRITICAL Uncaught Error: Call to undefined function mysql_query() in /home/admin/web/5.kpipartners.ru/public_html/wp-content/plugins/wp-wc-add/wp-wc-add.php:91
Stack trace:
#0 /home/admin/web/5.kpipartners.ru/public_html/wp-includes/rest-api/class-wp-rest-server.php(1143): post_projects_search()
#1 /home/admin/web/5.kpipartners.ru/public_html/wp-includes/rest-api/class-wp-rest-server.php(990): WP_REST_Server->respond_to_request()
#2 /home/admin/web/5.kpipartners.ru/public_html/wp-includes/rest-api/class-wp-rest-server.php(414): WP_REST_Server->dispatch()
#3 /home/admin/web/5.kpipartners.ru/public_html/wp-includes/rest-api.php(394): WP_REST_Server->serve_request()
#4 /home/admin/web/5.kpipartners.ru/public_html/wp-includes/class-wp-hook.php(307): rest_api_loaded()
#5 /home/admin/web/5.kpipartners.ru/public_html/wp-includes/class-wp-hook.php(331): WP_Hook->apply_filters()
#6 /home/admin/web/5.kpipartners.ru/public_html/wp-includes/plugin.php(524): WP_Hook->do_action()
#7 /home/admin/web/5.kpipartners.ru/public_html/wp-includes/class-wp.php(398): do_action_ref_array()
#8 /home/admin/web/5.kpipartners.ru/public_html/wp-includes/class-wp.php(770): WP->parse_request()
#9 /home/admin/web/5.kpipartners.ru/public_html/wp-includes/functions.php(1330): WP->main()
#10 /home/admin/web/5.kpipartners.ru/public_html/wp-blog-header.php(16): wp()
#11 /home/admin/web/5.kpipartners.ru/public_html/index.php(17): require('...')
#12 {main}
  thrown в /home/admin/web/5.kpipartners.ru/public_html/wp-content/plugins/wp-wc-add/wp-wc-add.php на строке 91

2022-07-20T06:50:50+00:00 CRITICAL Uncaught Error: Call to undefined function mysql_query() in /home/admin/web/5.kpipartners.ru/public_html/wp-content/plugins/wp-wc-add/wp-wc-add.php:91
Stack trace:
#0 /home/admin/web/5.kpipartners.ru/public_html/wp-includes/rest-api/class-wp-rest-server.php(1143): post_projects_search()
#1 /home/admin/web/5.kpipartners.ru/public_html/wp-includes/rest-api/class-wp-rest-server.php(990): WP_REST_Server->respond_to_request()
#2 /home/admin/web/5.kpipartners.ru/public_html/wp-includes/rest-api/class-wp-rest-server.php(414): WP_REST_Server->dispatch()
#3 /home/admin/web/5.kpipartners.ru/public_html/wp-includes/rest-api.php(394): WP_REST_Server->serve_request()
#4 /home/admin/web/5.kpipartners.ru/public_html/wp-includes/class-wp-hook.php(307): rest_api_loaded()
#5 /home/admin/web/5.kpipartners.ru/public_html/wp-includes/class-wp-hook.php(331): WP_Hook->apply_filters()
#6 /home/admin/web/5.kpipartners.ru/public_html/wp-includes/plugin.php(524): WP_Hook->do_action()
#7 /home/admin/web/5.kpipartners.ru/public_html/wp-includes/class-wp.php(398): do_action_ref_array()
#8 /home/admin/web/5.kpipartners.ru/public_html/wp-includes/class-wp.php(770): WP->parse_request()
#9 /home/admin/web/5.kpipartners.ru/public_html/wp-includes/functions.php(1330): WP->main()
#10 /home/admin/web/5.kpipartners.ru/public_html/wp-blog-header.php(16): wp()
#11 /home/admin/web/5.kpipartners.ru/public_html/index.php(17): require('...')
#12 {main}
  thrown в /home/admin/web/5.kpipartners.ru/public_html/wp-content/plugins/wp-wc-add/wp-wc-add.php на строке 91

2022-07-20T06:51:18+00:00 CRITICAL Uncaught Error: Call to undefined function mysql_query() in /home/admin/web/5.kpipartners.ru/public_html/wp-content/plugins/wp-wc-add/wp-wc-add.php:91
Stack trace:
#0 /home/admin/web/5.kpipartners.ru/public_html/wp-includes/rest-api/class-wp-rest-server.php(1143): post_projects_search()
#1 /home/admin/web/5.kpipartners.ru/public_html/wp-includes/rest-api/class-wp-rest-server.php(990): WP_REST_Server->respond_to_request()
#2 /home/admin/web/5.kpipartners.ru/public_html/wp-includes/rest-api/class-wp-rest-server.php(414): WP_REST_Server->dispatch()
#3 /home/admin/web/5.kpipartners.ru/public_html/wp-includes/rest-api.php(394): WP_REST_Server->serve_request()
#4 /home/admin/web/5.kpipartners.ru/public_html/wp-includes/class-wp-hook.php(307): rest_api_loaded()
#5 /home/admin/web/5.kpipartners.ru/public_html/wp-includes/class-wp-hook.php(331): WP_Hook->apply_filters()
#6 /home/admin/web/5.kpipartners.ru/public_html/wp-includes/plugin.php(524): WP_Hook->do_action()
#7 /home/admin/web/5.kpipartners.ru/public_html/wp-includes/class-wp.php(398): do_action_ref_array()
#8 /home/admin/web/5.kpipartners.ru/public_html/wp-includes/class-wp.php(770): WP->parse_request()
#9 /home/admin/web/5.kpipartners.ru/public_html/wp-includes/functions.php(1330): WP->main()
#10 /home/admin/web/5.kpipartners.ru/public_html/wp-blog-header.php(16): wp()
#11 /home/admin/web/5.kpipartners.ru/public_html/index.php(17): require('...')
#12 {main}
  thrown в /home/admin/web/5.kpipartners.ru/public_html/wp-content/plugins/wp-wc-add/wp-wc-add.php на строке 91

2022-07-20T06:51:31+00:00 CRITICAL Uncaught Error: Call to undefined function mysql_query() in /home/admin/web/5.kpipartners.ru/public_html/wp-content/plugins/wp-wc-add/wp-wc-add.php:91
Stack trace:
#0 /home/admin/web/5.kpipartners.ru/public_html/wp-includes/rest-api/class-wp-rest-server.php(1143): post_projects_search()
#1 /home/admin/web/5.kpipartners.ru/public_html/wp-includes/rest-api/class-wp-rest-server.php(990): WP_REST_Server->respond_to_request()
#2 /home/admin/web/5.kpipartners.ru/public_html/wp-includes/rest-api/class-wp-rest-server.php(414): WP_REST_Server->dispatch()
#3 /home/admin/web/5.kpipartners.ru/public_html/wp-includes/rest-api.php(394): WP_REST_Server->serve_request()
#4 /home/admin/web/5.kpipartners.ru/public_html/wp-includes/class-wp-hook.php(307): rest_api_loaded()
#5 /home/admin/web/5.kpipartners.ru/public_html/wp-includes/class-wp-hook.php(331): WP_Hook->apply_filters()
#6 /home/admin/web/5.kpipartners.ru/public_html/wp-includes/plugin.php(524): WP_Hook->do_action()
#7 /home/admin/web/5.kpipartners.ru/public_html/wp-includes/class-wp.php(398): do_action_ref_array()
#8 /home/admin/web/5.kpipartners.ru/public_html/wp-includes/class-wp.php(770): WP->parse_request()
#9 /home/admin/web/5.kpipartners.ru/public_html/wp-includes/functions.php(1330): WP->main()
#10 /home/admin/web/5.kpipartners.ru/public_html/wp-blog-header.php(16): wp()
#11 /home/admin/web/5.kpipartners.ru/public_html/index.php(17): require('...')
#12 {main}
  thrown в /home/admin/web/5.kpipartners.ru/public_html/wp-content/plugins/wp-wc-add/wp-wc-add.php на строке 91

2022-07-20T06:52:37+00:00 CRITICAL Uncaught mysqli_sql_exception: You have an error in your SQL syntax; check the manual that corresponds to your MariaDB server version for the right syntax to use near 'INTO `wp_wc_add_type_of_product` (`id_product`, `type`) VALUES (1, 'full')' at line 1 in /home/admin/web/5.kpipartners.ru/public_html/wp-content/plugins/wp-wc-add/wp-wc-add.php:92
Stack trace:
#0 /home/admin/web/5.kpipartners.ru/public_html/wp-content/plugins/wp-wc-add/wp-wc-add.php(92): mysqli->query()
#1 /home/admin/web/5.kpipartners.ru/public_html/wp-includes/rest-api/class-wp-rest-server.php(1143): post_projects_search()
#2 /home/admin/web/5.kpipartners.ru/public_html/wp-includes/rest-api/class-wp-rest-server.php(990): WP_REST_Server->respond_to_request()
#3 /home/admin/web/5.kpipartners.ru/public_html/wp-includes/rest-api/class-wp-rest-server.php(414): WP_REST_Server->dispatch()
#4 /home/admin/web/5.kpipartners.ru/public_html/wp-includes/rest-api.php(394): WP_REST_Server->serve_request()
#5 /home/admin/web/5.kpipartners.ru/public_html/wp-includes/class-wp-hook.php(307): rest_api_loaded()
#6 /home/admin/web/5.kpipartners.ru/public_html/wp-includes/class-wp-hook.php(331): WP_Hook->apply_filters()
#7 /home/admin/web/5.kpipartners.ru/public_html/wp-includes/plugin.php(524): WP_Hook->do_action()
#8 /home/admin/web/5.kpipartners.ru/public_html/wp-includes/class-wp.php(398): do_action_ref_array()
#9 /home/admin/web/5.kpipartners.ru/public_html/wp-includes/class-wp.php(770): WP->parse_request()
#10 /home/admin/web/5.kpipartners.ru/public_html/wp-includes/functions.php(1330): WP->main()
#11 /home/admin/web/5.kpipartners.ru/public_html/wp-blog-header.php(16): wp()
#12 /home/admin/web/5.kpipartners.ru/public_html/index.php(17): require('...')
#13 {main}
  thrown в /home/admin/web/5.kpipartners.ru/public_html/wp-content/plugins/wp-wc-add/wp-wc-add.php на строке 92

2022-07-20T06:52:57+00:00 CRITICAL Uncaught Error: Call to undefined function mysql_query() in /home/admin/web/5.kpipartners.ru/public_html/wp-content/plugins/wp-wc-add/wp-wc-add.php:91
Stack trace:
#0 /home/admin/web/5.kpipartners.ru/public_html/wp-includes/rest-api/class-wp-rest-server.php(1143): post_projects_search()
#1 /home/admin/web/5.kpipartners.ru/public_html/wp-includes/rest-api/class-wp-rest-server.php(990): WP_REST_Server->respond_to_request()
#2 /home/admin/web/5.kpipartners.ru/public_html/wp-includes/rest-api/class-wp-rest-server.php(414): WP_REST_Server->dispatch()
#3 /home/admin/web/5.kpipartners.ru/public_html/wp-includes/rest-api.php(394): WP_REST_Server->serve_request()
#4 /home/admin/web/5.kpipartners.ru/public_html/wp-includes/class-wp-hook.php(307): rest_api_loaded()
#5 /home/admin/web/5.kpipartners.ru/public_html/wp-includes/class-wp-hook.php(331): WP_Hook->apply_filters()
#6 /home/admin/web/5.kpipartners.ru/public_html/wp-includes/plugin.php(524): WP_Hook->do_action()
#7 /home/admin/web/5.kpipartners.ru/public_html/wp-includes/class-wp.php(398): do_action_ref_array()
#8 /home/admin/web/5.kpipartners.ru/public_html/wp-includes/class-wp.php(770): WP->parse_request()
#9 /home/admin/web/5.kpipartners.ru/public_html/wp-includes/functions.php(1330): WP->main()
#10 /home/admin/web/5.kpipartners.ru/public_html/wp-blog-header.php(16): wp()
#11 /home/admin/web/5.kpipartners.ru/public_html/index.php(17): require('...')
#12 {main}
  thrown в /home/admin/web/5.kpipartners.ru/public_html/wp-content/plugins/wp-wc-add/wp-wc-add.php на строке 91

2022-07-20T06:53:16+00:00 CRITICAL Uncaught Error: Call to undefined function mysql_query() in /home/admin/web/5.kpipartners.ru/public_html/wp-content/plugins/wp-wc-add/wp-wc-add.php:91
Stack trace:
#0 /home/admin/web/5.kpipartners.ru/public_html/wp-includes/rest-api/class-wp-rest-server.php(1143): post_projects_search()
#1 /home/admin/web/5.kpipartners.ru/public_html/wp-includes/rest-api/class-wp-rest-server.php(990): WP_REST_Server->respond_to_request()
#2 /home/admin/web/5.kpipartners.ru/public_html/wp-includes/rest-api/class-wp-rest-server.php(414): WP_REST_Server->dispatch()
#3 /home/admin/web/5.kpipartners.ru/public_html/wp-includes/rest-api.php(394): WP_REST_Server->serve_request()
#4 /home/admin/web/5.kpipartners.ru/public_html/wp-includes/class-wp-hook.php(307): rest_api_loaded()
#5 /home/admin/web/5.kpipartners.ru/public_html/wp-includes/class-wp-hook.php(331): WP_Hook->apply_filters()
#6 /home/admin/web/5.kpipartners.ru/public_html/wp-includes/plugin.php(524): WP_Hook->do_action()
#7 /home/admin/web/5.kpipartners.ru/public_html/wp-includes/class-wp.php(398): do_action_ref_array()
#8 /home/admin/web/5.kpipartners.ru/public_html/wp-includes/class-wp.php(770): WP->parse_request()
#9 /home/admin/web/5.kpipartners.ru/public_html/wp-includes/functions.php(1330): WP->main()
#10 /home/admin/web/5.kpipartners.ru/public_html/wp-blog-header.php(16): wp()
#11 /home/admin/web/5.kpipartners.ru/public_html/index.php(17): require('...')
#12 {main}
  thrown в /home/admin/web/5.kpipartners.ru/public_html/wp-content/plugins/wp-wc-add/wp-wc-add.php на строке 91

2022-07-20T06:53:38+00:00 CRITICAL Uncaught Error: Call to undefined function mysql_query() in /home/admin/web/5.kpipartners.ru/public_html/wp-content/plugins/wp-wc-add/wp-wc-add.php:91
Stack trace:
#0 /home/admin/web/5.kpipartners.ru/public_html/wp-includes/rest-api/class-wp-rest-server.php(1143): post_projects_search()
#1 /home/admin/web/5.kpipartners.ru/public_html/wp-includes/rest-api/class-wp-rest-server.php(990): WP_REST_Server->respond_to_request()
#2 /home/admin/web/5.kpipartners.ru/public_html/wp-includes/rest-api/class-wp-rest-server.php(414): WP_REST_Server->dispatch()
#3 /home/admin/web/5.kpipartners.ru/public_html/wp-includes/rest-api.php(394): WP_REST_Server->serve_request()
#4 /home/admin/web/5.kpipartners.ru/public_html/wp-includes/class-wp-hook.php(307): rest_api_loaded()
#5 /home/admin/web/5.kpipartners.ru/public_html/wp-includes/class-wp-hook.php(331): WP_Hook->apply_filters()
#6 /home/admin/web/5.kpipartners.ru/public_html/wp-includes/plugin.php(524): WP_Hook->do_action()
#7 /home/admin/web/5.kpipartners.ru/public_html/wp-includes/class-wp.php(398): do_action_ref_array()
#8 /home/admin/web/5.kpipartners.ru/public_html/wp-includes/class-wp.php(770): WP->parse_request()
#9 /home/admin/web/5.kpipartners.ru/public_html/wp-includes/functions.php(1330): WP->main()
#10 /home/admin/web/5.kpipartners.ru/public_html/wp-blog-header.php(16): wp()
#11 /home/admin/web/5.kpipartners.ru/public_html/index.php(17): require('...')
#12 {main}
  thrown в /home/admin/web/5.kpipartners.ru/public_html/wp-content/plugins/wp-wc-add/wp-wc-add.php на строке 91

2022-07-20T06:53:49+00:00 CRITICAL Uncaught Error: Call to undefined function mysql_query() in /home/admin/web/5.kpipartners.ru/public_html/wp-content/plugins/wp-wc-add/wp-wc-add.php:91
Stack trace:
#0 /home/admin/web/5.kpipartners.ru/public_html/wp-includes/rest-api/class-wp-rest-server.php(1143): post_projects_search()
#1 /home/admin/web/5.kpipartners.ru/public_html/wp-includes/rest-api/class-wp-rest-server.php(990): WP_REST_Server->respond_to_request()
#2 /home/admin/web/5.kpipartners.ru/public_html/wp-includes/rest-api/class-wp-rest-server.php(414): WP_REST_Server->dispatch()
#3 /home/admin/web/5.kpipartners.ru/public_html/wp-includes/rest-api.php(394): WP_REST_Server->serve_request()
#4 /home/admin/web/5.kpipartners.ru/public_html/wp-includes/class-wp-hook.php(307): rest_api_loaded()
#5 /home/admin/web/5.kpipartners.ru/public_html/wp-includes/class-wp-hook.php(331): WP_Hook->apply_filters()
#6 /home/admin/web/5.kpipartners.ru/public_html/wp-includes/plugin.php(524): WP_Hook->do_action()
#7 /home/admin/web/5.kpipartners.ru/public_html/wp-includes/class-wp.php(398): do_action_ref_array()
#8 /home/admin/web/5.kpipartners.ru/public_html/wp-includes/class-wp.php(770): WP->parse_request()
#9 /home/admin/web/5.kpipartners.ru/public_html/wp-includes/functions.php(1330): WP->main()
#10 /home/admin/web/5.kpipartners.ru/public_html/wp-blog-header.php(16): wp()
#11 /home/admin/web/5.kpipartners.ru/public_html/index.php(17): require('...')
#12 {main}
  thrown в /home/admin/web/5.kpipartners.ru/public_html/wp-content/plugins/wp-wc-add/wp-wc-add.php на строке 91

2022-07-20T06:54:06+00:00 CRITICAL Uncaught mysqli_sql_exception: You have an error in your SQL syntax; check the manual that corresponds to your MariaDB server version for the right syntax to use near 'INTO `wp_wc_add_type_of_product` (`id_product`, `type`) VALUES ('1', 'full')' at line 1 in /home/admin/web/5.kpipartners.ru/public_html/wp-content/plugins/wp-wc-add/wp-wc-add.php:92
Stack trace:
#0 /home/admin/web/5.kpipartners.ru/public_html/wp-content/plugins/wp-wc-add/wp-wc-add.php(92): mysqli->query()
#1 /home/admin/web/5.kpipartners.ru/public_html/wp-includes/rest-api/class-wp-rest-server.php(1143): post_projects_search()
#2 /home/admin/web/5.kpipartners.ru/public_html/wp-includes/rest-api/class-wp-rest-server.php(990): WP_REST_Server->respond_to_request()
#3 /home/admin/web/5.kpipartners.ru/public_html/wp-includes/rest-api/class-wp-rest-server.php(414): WP_REST_Server->dispatch()
#4 /home/admin/web/5.kpipartners.ru/public_html/wp-includes/rest-api.php(394): WP_REST_Server->serve_request()
#5 /home/admin/web/5.kpipartners.ru/public_html/wp-includes/class-wp-hook.php(307): rest_api_loaded()
#6 /home/admin/web/5.kpipartners.ru/public_html/wp-includes/class-wp-hook.php(331): WP_Hook->apply_filters()
#7 /home/admin/web/5.kpipartners.ru/public_html/wp-includes/plugin.php(524): WP_Hook->do_action()
#8 /home/admin/web/5.kpipartners.ru/public_html/wp-includes/class-wp.php(398): do_action_ref_array()
#9 /home/admin/web/5.kpipartners.ru/public_html/wp-includes/class-wp.php(770): WP->parse_request()
#10 /home/admin/web/5.kpipartners.ru/public_html/wp-includes/functions.php(1330): WP->main()
#11 /home/admin/web/5.kpipartners.ru/public_html/wp-blog-header.php(16): wp()
#12 /home/admin/web/5.kpipartners.ru/public_html/index.php(17): require('...')
#13 {main}
  thrown в /home/admin/web/5.kpipartners.ru/public_html/wp-content/plugins/wp-wc-add/wp-wc-add.php на строке 92

2022-07-20T06:54:16+00:00 CRITICAL Uncaught mysqli_sql_exception: You have an error in your SQL syntax; check the manual that corresponds to your MariaDB server version for the right syntax to use near 'INTO `wp_wc_add_type_of_product` (`id_product`, `type`) VALUES (1, 'full')' at line 1 in /home/admin/web/5.kpipartners.ru/public_html/wp-content/plugins/wp-wc-add/wp-wc-add.php:92
Stack trace:
#0 /home/admin/web/5.kpipartners.ru/public_html/wp-content/plugins/wp-wc-add/wp-wc-add.php(92): mysqli->query()
#1 /home/admin/web/5.kpipartners.ru/public_html/wp-includes/rest-api/class-wp-rest-server.php(1143): post_projects_search()
#2 /home/admin/web/5.kpipartners.ru/public_html/wp-includes/rest-api/class-wp-rest-server.php(990): WP_REST_Server->respond_to_request()
#3 /home/admin/web/5.kpipartners.ru/public_html/wp-includes/rest-api/class-wp-rest-server.php(414): WP_REST_Server->dispatch()
#4 /home/admin/web/5.kpipartners.ru/public_html/wp-includes/rest-api.php(394): WP_REST_Server->serve_request()
#5 /home/admin/web/5.kpipartners.ru/public_html/wp-includes/class-wp-hook.php(307): rest_api_loaded()
#6 /home/admin/web/5.kpipartners.ru/public_html/wp-includes/class-wp-hook.php(331): WP_Hook->apply_filters()
#7 /home/admin/web/5.kpipartners.ru/public_html/wp-includes/plugin.php(524): WP_Hook->do_action()
#8 /home/admin/web/5.kpipartners.ru/public_html/wp-includes/class-wp.php(398): do_action_ref_array()
#9 /home/admin/web/5.kpipartners.ru/public_html/wp-includes/class-wp.php(770): WP->parse_request()
#10 /home/admin/web/5.kpipartners.ru/public_html/wp-includes/functions.php(1330): WP->main()
#11 /home/admin/web/5.kpipartners.ru/public_html/wp-blog-header.php(16): wp()
#12 /home/admin/web/5.kpipartners.ru/public_html/index.php(17): require('...')
#13 {main}
  thrown в /home/admin/web/5.kpipartners.ru/public_html/wp-content/plugins/wp-wc-add/wp-wc-add.php на строке 92

2022-07-20T06:55:57+00:00 CRITICAL Uncaught mysqli_sql_exception: You have an error in your SQL syntax; check the manual that corresponds to your MariaDB server version for the right syntax to use near 'INTO `wp_wc_add_type_of_product` (`id_product`, `type`) VALUES (2, 'full')' at line 1 in /home/admin/web/5.kpipartners.ru/public_html/wp-content/plugins/wp-wc-add/wp-wc-add.php:92
Stack trace:
#0 /home/admin/web/5.kpipartners.ru/public_html/wp-content/plugins/wp-wc-add/wp-wc-add.php(92): mysqli->query()
#1 /home/admin/web/5.kpipartners.ru/public_html/wp-includes/rest-api/class-wp-rest-server.php(1143): post_projects_search()
#2 /home/admin/web/5.kpipartners.ru/public_html/wp-includes/rest-api/class-wp-rest-server.php(990): WP_REST_Server->respond_to_request()
#3 /home/admin/web/5.kpipartners.ru/public_html/wp-includes/rest-api/class-wp-rest-server.php(414): WP_REST_Server->dispatch()
#4 /home/admin/web/5.kpipartners.ru/public_html/wp-includes/rest-api.php(394): WP_REST_Server->serve_request()
#5 /home/admin/web/5.kpipartners.ru/public_html/wp-includes/class-wp-hook.php(307): rest_api_loaded()
#6 /home/admin/web/5.kpipartners.ru/public_html/wp-includes/class-wp-hook.php(331): WP_Hook->apply_filters()
#7 /home/admin/web/5.kpipartners.ru/public_html/wp-includes/plugin.php(524): WP_Hook->do_action()
#8 /home/admin/web/5.kpipartners.ru/public_html/wp-includes/class-wp.php(398): do_action_ref_array()
#9 /home/admin/web/5.kpipartners.ru/public_html/wp-includes/class-wp.php(770): WP->parse_request()
#10 /home/admin/web/5.kpipartners.ru/public_html/wp-includes/functions.php(1330): WP->main()
#11 /home/admin/web/5.kpipartners.ru/public_html/wp-blog-header.php(16): wp()
#12 /home/admin/web/5.kpipartners.ru/public_html/index.php(17): require('...')
#13 {main}
  thrown в /home/admin/web/5.kpipartners.ru/public_html/wp-content/plugins/wp-wc-add/wp-wc-add.php на строке 92

2022-07-20T07:02:05+00:00 CRITICAL Uncaught mysqli_sql_exception: You have an error in your SQL syntax; check the manual that corresponds to your MariaDB server version for the right syntax to use near 'INTO `wp_wc_add_type_of_product` (`id_product`, `type`) VALUES (2, 'full')' at line 1 in /home/admin/web/5.kpipartners.ru/public_html/wp-content/plugins/wp-wc-add/wp-wc-add.php:92
Stack trace:
#0 /home/admin/web/5.kpipartners.ru/public_html/wp-content/plugins/wp-wc-add/wp-wc-add.php(92): mysqli->query()
#1 /home/admin/web/5.kpipartners.ru/public_html/wp-includes/rest-api/class-wp-rest-server.php(1143): post_projects_search()
#2 /home/admin/web/5.kpipartners.ru/public_html/wp-includes/rest-api/class-wp-rest-server.php(990): WP_REST_Server->respond_to_request()
#3 /home/admin/web/5.kpipartners.ru/public_html/wp-includes/rest-api/class-wp-rest-server.php(414): WP_REST_Server->dispatch()
#4 /home/admin/web/5.kpipartners.ru/public_html/wp-includes/rest-api.php(394): WP_REST_Server->serve_request()
#5 /home/admin/web/5.kpipartners.ru/public_html/wp-includes/class-wp-hook.php(307): rest_api_loaded()
#6 /home/admin/web/5.kpipartners.ru/public_html/wp-includes/class-wp-hook.php(331): WP_Hook->apply_filters()
#7 /home/admin/web/5.kpipartners.ru/public_html/wp-includes/plugin.php(524): WP_Hook->do_action()
#8 /home/admin/web/5.kpipartners.ru/public_html/wp-includes/class-wp.php(398): do_action_ref_array()
#9 /home/admin/web/5.kpipartners.ru/public_html/wp-includes/class-wp.php(770): WP->parse_request()
#10 /home/admin/web/5.kpipartners.ru/public_html/wp-includes/functions.php(1330): WP->main()
#11 /home/admin/web/5.kpipartners.ru/public_html/wp-blog-header.php(16): wp()
#12 /home/admin/web/5.kpipartners.ru/public_html/index.php(17): require('...')
#13 {main}
  thrown в /home/admin/web/5.kpipartners.ru/public_html/wp-content/plugins/wp-wc-add/wp-wc-add.php на строке 92

2022-07-20T07:02:30+00:00 CRITICAL Uncaught mysqli_sql_exception: You have an error in your SQL syntax; check the manual that corresponds to your MariaDB server version for the right syntax to use near 'INTO `wp_wc_add_type_of_product` (`id_product`, `type`) VALUES (2, 'full')' at line 1 in /home/admin/web/5.kpipartners.ru/public_html/wp-content/plugins/wp-wc-add/wp-wc-add.php:92
Stack trace:
#0 /home/admin/web/5.kpipartners.ru/public_html/wp-content/plugins/wp-wc-add/wp-wc-add.php(92): mysqli->query()
#1 /home/admin/web/5.kpipartners.ru/public_html/wp-includes/rest-api/class-wp-rest-server.php(1143): post_projects_search()
#2 /home/admin/web/5.kpipartners.ru/public_html/wp-includes/rest-api/class-wp-rest-server.php(990): WP_REST_Server->respond_to_request()
#3 /home/admin/web/5.kpipartners.ru/public_html/wp-includes/rest-api/class-wp-rest-server.php(414): WP_REST_Server->dispatch()
#4 /home/admin/web/5.kpipartners.ru/public_html/wp-includes/rest-api.php(394): WP_REST_Server->serve_request()
#5 /home/admin/web/5.kpipartners.ru/public_html/wp-includes/class-wp-hook.php(307): rest_api_loaded()
#6 /home/admin/web/5.kpipartners.ru/public_html/wp-includes/class-wp-hook.php(331): WP_Hook->apply_filters()
#7 /home/admin/web/5.kpipartners.ru/public_html/wp-includes/plugin.php(524): WP_Hook->do_action()
#8 /home/admin/web/5.kpipartners.ru/public_html/wp-includes/class-wp.php(398): do_action_ref_array()
#9 /home/admin/web/5.kpipartners.ru/public_html/wp-includes/class-wp.php(770): WP->parse_request()
#10 /home/admin/web/5.kpipartners.ru/public_html/wp-includes/functions.php(1330): WP->main()
#11 /home/admin/web/5.kpipartners.ru/public_html/wp-blog-header.php(16): wp()
#12 /home/admin/web/5.kpipartners.ru/public_html/index.php(17): require('...')
#13 {main}
  thrown в /home/admin/web/5.kpipartners.ru/public_html/wp-content/plugins/wp-wc-add/wp-wc-add.php на строке 92

2022-07-20T07:04:54+00:00 CRITICAL Uncaught Error: Call to a member function query() on null in /home/admin/web/5.kpipartners.ru/public_html/wp-content/plugins/wp-wc-add/wp-wc-add.php:94
Stack trace:
#0 /home/admin/web/5.kpipartners.ru/public_html/wp-includes/rest-api/class-wp-rest-server.php(1143): post_projects_search()
#1 /home/admin/web/5.kpipartners.ru/public_html/wp-includes/rest-api/class-wp-rest-server.php(990): WP_REST_Server->respond_to_request()
#2 /home/admin/web/5.kpipartners.ru/public_html/wp-includes/rest-api/class-wp-rest-server.php(414): WP_REST_Server->dispatch()
#3 /home/admin/web/5.kpipartners.ru/public_html/wp-includes/rest-api.php(394): WP_REST_Server->serve_request()
#4 /home/admin/web/5.kpipartners.ru/public_html/wp-includes/class-wp-hook.php(307): rest_api_loaded()
#5 /home/admin/web/5.kpipartners.ru/public_html/wp-includes/class-wp-hook.php(331): WP_Hook->apply_filters()
#6 /home/admin/web/5.kpipartners.ru/public_html/wp-includes/plugin.php(524): WP_Hook->do_action()
#7 /home/admin/web/5.kpipartners.ru/public_html/wp-includes/class-wp.php(398): do_action_ref_array()
#8 /home/admin/web/5.kpipartners.ru/public_html/wp-includes/class-wp.php(770): WP->parse_request()
#9 /home/admin/web/5.kpipartners.ru/public_html/wp-includes/functions.php(1330): WP->main()
#10 /home/admin/web/5.kpipartners.ru/public_html/wp-blog-header.php(16): wp()
#11 /home/admin/web/5.kpipartners.ru/public_html/index.php(17): require('...')
#12 {main}
  thrown в /home/admin/web/5.kpipartners.ru/public_html/wp-content/plugins/wp-wc-add/wp-wc-add.php на строке 94

2022-07-20T07:05:53+00:00 CRITICAL Uncaught Error: Call to a member function query() on null in /home/admin/web/5.kpipartners.ru/public_html/wp-content/plugins/wp-wc-add/wp-wc-add.php:94
Stack trace:
#0 /home/admin/web/5.kpipartners.ru/public_html/wp-includes/rest-api/class-wp-rest-server.php(1143): post_projects_search()
#1 /home/admin/web/5.kpipartners.ru/public_html/wp-includes/rest-api/class-wp-rest-server.php(990): WP_REST_Server->respond_to_request()
#2 /home/admin/web/5.kpipartners.ru/public_html/wp-includes/rest-api/class-wp-rest-server.php(414): WP_REST_Server->dispatch()
#3 /home/admin/web/5.kpipartners.ru/public_html/wp-includes/rest-api.php(394): WP_REST_Server->serve_request()
#4 /home/admin/web/5.kpipartners.ru/public_html/wp-includes/class-wp-hook.php(307): rest_api_loaded()
#5 /home/admin/web/5.kpipartners.ru/public_html/wp-includes/class-wp-hook.php(331): WP_Hook->apply_filters()
#6 /home/admin/web/5.kpipartners.ru/public_html/wp-includes/plugin.php(524): WP_Hook->do_action()
#7 /home/admin/web/5.kpipartners.ru/public_html/wp-includes/class-wp.php(398): do_action_ref_array()
#8 /home/admin/web/5.kpipartners.ru/public_html/wp-includes/class-wp.php(770): WP->parse_request()
#9 /home/admin/web/5.kpipartners.ru/public_html/wp-includes/functions.php(1330): WP->main()
#10 /home/admin/web/5.kpipartners.ru/public_html/wp-blog-header.php(16): wp()
#11 /home/admin/web/5.kpipartners.ru/public_html/index.php(17): require('...')
#12 {main}
  thrown в /home/admin/web/5.kpipartners.ru/public_html/wp-content/plugins/wp-wc-add/wp-wc-add.php на строке 94

2022-07-20T07:06:34+00:00 CRITICAL Uncaught Error: Call to a member function query() on null in /home/admin/web/5.kpipartners.ru/public_html/wp-content/plugins/wp-wc-add/wp-wc-add.php:94
Stack trace:
#0 /home/admin/web/5.kpipartners.ru/public_html/wp-includes/rest-api/class-wp-rest-server.php(1143): post_projects_search()
#1 /home/admin/web/5.kpipartners.ru/public_html/wp-includes/rest-api/class-wp-rest-server.php(990): WP_REST_Server->respond_to_request()
#2 /home/admin/web/5.kpipartners.ru/public_html/wp-includes/rest-api/class-wp-rest-server.php(414): WP_REST_Server->dispatch()
#3 /home/admin/web/5.kpipartners.ru/public_html/wp-includes/rest-api.php(394): WP_REST_Server->serve_request()
#4 /home/admin/web/5.kpipartners.ru/public_html/wp-includes/class-wp-hook.php(307): rest_api_loaded()
#5 /home/admin/web/5.kpipartners.ru/public_html/wp-includes/class-wp-hook.php(331): WP_Hook->apply_filters()
#6 /home/admin/web/5.kpipartners.ru/public_html/wp-includes/plugin.php(524): WP_Hook->do_action()
#7 /home/admin/web/5.kpipartners.ru/public_html/wp-includes/class-wp.php(398): do_action_ref_array()
#8 /home/admin/web/5.kpipartners.ru/public_html/wp-includes/class-wp.php(770): WP->parse_request()
#9 /home/admin/web/5.kpipartners.ru/public_html/wp-includes/functions.php(1330): WP->main()
#10 /home/admin/web/5.kpipartners.ru/public_html/wp-blog-header.php(16): wp()
#11 /home/admin/web/5.kpipartners.ru/public_html/index.php(17): require('...')
#12 {main}
  thrown в /home/admin/web/5.kpipartners.ru/public_html/wp-content/plugins/wp-wc-add/wp-wc-add.php на строке 94

2022-07-20T15:19:16+00:00 CRITICAL Uncaught Error: Call to a member function get_permalink() on bool in /home/admin/web/5.kpipartners.ru/public_html/wp-content/plugins/wp-wc-add/wp-wc-add.php:69
Stack trace:
#0 /home/admin/web/5.kpipartners.ru/public_html/wp-includes/class-wp-hook.php(307): replace_add_to_cart()
#1 /home/admin/web/5.kpipartners.ru/public_html/wp-includes/class-wp-hook.php(331): WP_Hook->apply_filters()
#2 /home/admin/web/5.kpipartners.ru/public_html/wp-includes/plugin.php(476): WP_Hook->do_action()
#3 /home/admin/web/5.kpipartners.ru/public_html/wp-content/plugins/woocommerce/templates/content-single-product.php(60): do_action()
#4 /home/admin/web/5.kpipartners.ru/public_html/wp-includes/template.php(772): require('...')
#5 /home/admin/web/5.kpipartners.ru/public_html/wp-content/plugins/woocommerce/includes/wc-core-functions.php(284): load_template()
#6 /home/admin/web/5.kpipartners.ru/public_html/wp-content/plugins/woocommerce/packages/woocommerce-blocks/src/BlockTypes/ClassicTemplate.php(114): wc_get_template_part()
#7 /home/admin/web/5.kpipartners.ru/public_html/wp-content/plugins/woocommerce/packages/woocommerce-blocks/src/BlockTypes/ClassicTemplate.php(67): Automattic\WooCommerce\Blocks\BlockTypes\ClassicTemplate->render_single_product()
#8 /home/admin/web/5.kpipartners.ru/public_html/wp-content/plugins/woocommerce/packages/woocommerce-blocks/src/BlockTypes/AbstractBlock.php(86): Automattic\WooCommerce\Blocks\BlockTypes\ClassicTemplate->render()
#9 /home/admin/web/5.kpipartners.ru/public_html/wp-includes/class-wp-block.php(255): Automattic\WooCommerce\Blocks\BlockTypes\AbstractBlock->render_callback()
#10 /home/admin/web/5.kpipartners.ru/public_html/wp-includes/class-wp-block.php(241): WP_Block->render()
#11 /home/admin/web/5.kpipartners.ru/public_html/wp-includes/blocks.php(901): WP_Block->render()
#12 /home/admin/web/5.kpipartners.ru/public_html/wp-includes/blocks.php(939): render_block()
#13 /home/admin/web/5.kpipartners.ru/public_html/wp-includes/block-template.php(240): do_blocks()
#14 /home/admin/web/5.kpipartners.ru/public_html/wp-includes/template-canvas.php(12): get_the_block_template_html()
#15 /home/admin/web/5.kpipartners.ru/public_html/wp-includes/template-loader.php(106): include('...')
#16 /home/admin/web/5.kpipartners.ru/public_html/wp-blog-header.php(19): require_once('...')
#17 /home/admin/web/5.kpipartners.ru/public_html/index.php(17): require('...')
#18 {main}
  thrown в /home/admin/web/5.kpipartners.ru/public_html/wp-content/plugins/wp-wc-add/wp-wc-add.php на строке 69

2022-07-20T16:14:41+00:00 CRITICAL Uncaught Error: Object of class WP_REST_Request could not be converted to string in /home/admin/web/5.kpipartners.ru/public_html/wp-content/plugins/wp-wc-add/wp-wc-add.php:22
Stack trace:
#0 /home/admin/web/5.kpipartners.ru/public_html/wp-includes/rest-api/class-wp-rest-server.php(1143): wl_get()
#1 /home/admin/web/5.kpipartners.ru/public_html/wp-includes/rest-api/class-wp-rest-server.php(990): WP_REST_Server->respond_to_request()
#2 /home/admin/web/5.kpipartners.ru/public_html/wp-includes/rest-api/class-wp-rest-server.php(414): WP_REST_Server->dispatch()
#3 /home/admin/web/5.kpipartners.ru/public_html/wp-includes/rest-api.php(394): WP_REST_Server->serve_request()
#4 /home/admin/web/5.kpipartners.ru/public_html/wp-includes/class-wp-hook.php(307): rest_api_loaded()
#5 /home/admin/web/5.kpipartners.ru/public_html/wp-includes/class-wp-hook.php(331): WP_Hook->apply_filters()
#6 /home/admin/web/5.kpipartners.ru/public_html/wp-includes/plugin.php(524): WP_Hook->do_action()
#7 /home/admin/web/5.kpipartners.ru/public_html/wp-includes/class-wp.php(398): do_action_ref_array()
#8 /home/admin/web/5.kpipartners.ru/public_html/wp-includes/class-wp.php(770): WP->parse_request()
#9 /home/admin/web/5.kpipartners.ru/public_html/wp-includes/functions.php(1330): WP->main()
#10 /home/admin/web/5.kpipartners.ru/public_html/wp-blog-header.php(16): wp()
#11 /home/admin/web/5.kpipartners.ru/public_html/index.php(17): require('...')
#12 {main}
  thrown в /home/admin/web/5.kpipartners.ru/public_html/wp-content/plugins/wp-wc-add/wp-wc-add.php на строке 22

2022-07-20T16:15:54+00:00 CRITICAL Uncaught Error: Object of class WP_REST_Request could not be converted to string in /home/admin/web/5.kpipartners.ru/public_html/wp-content/plugins/wp-wc-add/wp-wc-add.php:22
Stack trace:
#0 /home/admin/web/5.kpipartners.ru/public_html/wp-includes/rest-api/class-wp-rest-server.php(1143): wl_get()
#1 /home/admin/web/5.kpipartners.ru/public_html/wp-includes/rest-api/class-wp-rest-server.php(990): WP_REST_Server->respond_to_request()
#2 /home/admin/web/5.kpipartners.ru/public_html/wp-includes/rest-api/class-wp-rest-server.php(414): WP_REST_Server->dispatch()
#3 /home/admin/web/5.kpipartners.ru/public_html/wp-includes/rest-api.php(394): WP_REST_Server->serve_request()
#4 /home/admin/web/5.kpipartners.ru/public_html/wp-includes/class-wp-hook.php(307): rest_api_loaded()
#5 /home/admin/web/5.kpipartners.ru/public_html/wp-includes/class-wp-hook.php(331): WP_Hook->apply_filters()
#6 /home/admin/web/5.kpipartners.ru/public_html/wp-includes/plugin.php(524): WP_Hook->do_action()
#7 /home/admin/web/5.kpipartners.ru/public_html/wp-includes/class-wp.php(398): do_action_ref_array()
#8 /home/admin/web/5.kpipartners.ru/public_html/wp-includes/class-wp.php(770): WP->parse_request()
#9 /home/admin/web/5.kpipartners.ru/public_html/wp-includes/functions.php(1330): WP->main()
#10 /home/admin/web/5.kpipartners.ru/public_html/wp-blog-header.php(16): wp()
#11 /home/admin/web/5.kpipartners.ru/public_html/index.php(17): require('...')
#12 {main}
  thrown в /home/admin/web/5.kpipartners.ru/public_html/wp-content/plugins/wp-wc-add/wp-wc-add.php на строке 22

2022-07-20T16:15:57+00:00 CRITICAL Uncaught Error: Object of class WP_REST_Request could not be converted to string in /home/admin/web/5.kpipartners.ru/public_html/wp-content/plugins/wp-wc-add/wp-wc-add.php:22
Stack trace:
#0 /home/admin/web/5.kpipartners.ru/public_html/wp-includes/rest-api/class-wp-rest-server.php(1143): wl_get()
#1 /home/admin/web/5.kpipartners.ru/public_html/wp-includes/rest-api/class-wp-rest-server.php(990): WP_REST_Server->respond_to_request()
#2 /home/admin/web/5.kpipartners.ru/public_html/wp-includes/rest-api/class-wp-rest-server.php(414): WP_REST_Server->dispatch()
#3 /home/admin/web/5.kpipartners.ru/public_html/wp-includes/rest-api.php(394): WP_REST_Server->serve_request()
#4 /home/admin/web/5.kpipartners.ru/public_html/wp-includes/class-wp-hook.php(307): rest_api_loaded()
#5 /home/admin/web/5.kpipartners.ru/public_html/wp-includes/class-wp-hook.php(331): WP_Hook->apply_filters()
#6 /home/admin/web/5.kpipartners.ru/public_html/wp-includes/plugin.php(524): WP_Hook->do_action()
#7 /home/admin/web/5.kpipartners.ru/public_html/wp-includes/class-wp.php(398): do_action_ref_array()
#8 /home/admin/web/5.kpipartners.ru/public_html/wp-includes/class-wp.php(770): WP->parse_request()
#9 /home/admin/web/5.kpipartners.ru/public_html/wp-includes/functions.php(1330): WP->main()
#10 /home/admin/web/5.kpipartners.ru/public_html/wp-blog-header.php(16): wp()
#11 /home/admin/web/5.kpipartners.ru/public_html/index.php(17): require('...')
#12 {main}
  thrown в /home/admin/web/5.kpipartners.ru/public_html/wp-content/plugins/wp-wc-add/wp-wc-add.php на строке 22

2022-07-20T16:16:14+00:00 CRITICAL Uncaught Error: Object of class WP_REST_Request could not be converted to string in /home/admin/web/5.kpipartners.ru/public_html/wp-content/plugins/wp-wc-add/wp-wc-add.php:22
Stack trace:
#0 /home/admin/web/5.kpipartners.ru/public_html/wp-includes/rest-api/class-wp-rest-server.php(1143): wl_get()
#1 /home/admin/web/5.kpipartners.ru/public_html/wp-includes/rest-api/class-wp-rest-server.php(990): WP_REST_Server->respond_to_request()
#2 /home/admin/web/5.kpipartners.ru/public_html/wp-includes/rest-api/class-wp-rest-server.php(414): WP_REST_Server->dispatch()
#3 /home/admin/web/5.kpipartners.ru/public_html/wp-includes/rest-api.php(394): WP_REST_Server->serve_request()
#4 /home/admin/web/5.kpipartners.ru/public_html/wp-includes/class-wp-hook.php(307): rest_api_loaded()
#5 /home/admin/web/5.kpipartners.ru/public_html/wp-includes/class-wp-hook.php(331): WP_Hook->apply_filters()
#6 /home/admin/web/5.kpipartners.ru/public_html/wp-includes/plugin.php(524): WP_Hook->do_action()
#7 /home/admin/web/5.kpipartners.ru/public_html/wp-includes/class-wp.php(398): do_action_ref_array()
#8 /home/admin/web/5.kpipartners.ru/public_html/wp-includes/class-wp.php(770): WP->parse_request()
#9 /home/admin/web/5.kpipartners.ru/public_html/wp-includes/functions.php(1330): WP->main()
#10 /home/admin/web/5.kpipartners.ru/public_html/wp-blog-header.php(16): wp()
#11 /home/admin/web/5.kpipartners.ru/public_html/index.php(17): require('...')
#12 {main}
  thrown в /home/admin/web/5.kpipartners.ru/public_html/wp-content/plugins/wp-wc-add/wp-wc-add.php на строке 22

2022-07-20T16:16:19+00:00 CRITICAL Uncaught Error: Object of class WP_REST_Request could not be converted to string in /home/admin/web/5.kpipartners.ru/public_html/wp-content/plugins/wp-wc-add/wp-wc-add.php:22
Stack trace:
#0 /home/admin/web/5.kpipartners.ru/public_html/wp-includes/rest-api/class-wp-rest-server.php(1143): wl_get()
#1 /home/admin/web/5.kpipartners.ru/public_html/wp-includes/rest-api/class-wp-rest-server.php(990): WP_REST_Server->respond_to_request()
#2 /home/admin/web/5.kpipartners.ru/public_html/wp-includes/rest-api/class-wp-rest-server.php(414): WP_REST_Server->dispatch()
#3 /home/admin/web/5.kpipartners.ru/public_html/wp-includes/rest-api.php(394): WP_REST_Server->serve_request()
#4 /home/admin/web/5.kpipartners.ru/public_html/wp-includes/class-wp-hook.php(307): rest_api_loaded()
#5 /home/admin/web/5.kpipartners.ru/public_html/wp-includes/class-wp-hook.php(331): WP_Hook->apply_filters()
#6 /home/admin/web/5.kpipartners.ru/public_html/wp-includes/plugin.php(524): WP_Hook->do_action()
#7 /home/admin/web/5.kpipartners.ru/public_html/wp-includes/class-wp.php(398): do_action_ref_array()
#8 /home/admin/web/5.kpipartners.ru/public_html/wp-includes/class-wp.php(770): WP->parse_request()
#9 /home/admin/web/5.kpipartners.ru/public_html/wp-includes/functions.php(1330): WP->main()
#10 /home/admin/web/5.kpipartners.ru/public_html/wp-blog-header.php(16): wp()
#11 /home/admin/web/5.kpipartners.ru/public_html/index.php(17): require('...')
#12 {main}
  thrown в /home/admin/web/5.kpipartners.ru/public_html/wp-content/plugins/wp-wc-add/wp-wc-add.php на строке 22

2022-07-20T16:17:17+00:00 CRITICAL Uncaught Error: Object of class WP_REST_Request could not be converted to string in /home/admin/web/5.kpipartners.ru/public_html/wp-content/plugins/wp-wc-add/wp-wc-add.php:14
Stack trace:
#0 /home/admin/web/5.kpipartners.ru/public_html/wp-includes/rest-api/class-wp-rest-server.php(1143): wl_get()
#1 /home/admin/web/5.kpipartners.ru/public_html/wp-includes/rest-api/class-wp-rest-server.php(990): WP_REST_Server->respond_to_request()
#2 /home/admin/web/5.kpipartners.ru/public_html/wp-includes/rest-api/class-wp-rest-server.php(414): WP_REST_Server->dispatch()
#3 /home/admin/web/5.kpipartners.ru/public_html/wp-includes/rest-api.php(394): WP_REST_Server->serve_request()
#4 /home/admin/web/5.kpipartners.ru/public_html/wp-includes/class-wp-hook.php(307): rest_api_loaded()
#5 /home/admin/web/5.kpipartners.ru/public_html/wp-includes/class-wp-hook.php(331): WP_Hook->apply_filters()
#6 /home/admin/web/5.kpipartners.ru/public_html/wp-includes/plugin.php(524): WP_Hook->do_action()
#7 /home/admin/web/5.kpipartners.ru/public_html/wp-includes/class-wp.php(398): do_action_ref_array()
#8 /home/admin/web/5.kpipartners.ru/public_html/wp-includes/class-wp.php(770): WP->parse_request()
#9 /home/admin/web/5.kpipartners.ru/public_html/wp-includes/functions.php(1330): WP->main()
#10 /home/admin/web/5.kpipartners.ru/public_html/wp-blog-header.php(16): wp()
#11 /home/admin/web/5.kpipartners.ru/public_html/index.php(17): require('...')
#12 {main}
  thrown в /home/admin/web/5.kpipartners.ru/public_html/wp-content/plugins/wp-wc-add/wp-wc-add.php на строке 14

2022-07-20T16:17:24+00:00 CRITICAL Uncaught Error: Object of class WP_REST_Request could not be converted to string in /home/admin/web/5.kpipartners.ru/public_html/wp-content/plugins/wp-wc-add/wp-wc-add.php:14
Stack trace:
#0 /home/admin/web/5.kpipartners.ru/public_html/wp-includes/rest-api/class-wp-rest-server.php(1143): wl_get()
#1 /home/admin/web/5.kpipartners.ru/public_html/wp-includes/rest-api/class-wp-rest-server.php(990): WP_REST_Server->respond_to_request()
#2 /home/admin/web/5.kpipartners.ru/public_html/wp-includes/rest-api/class-wp-rest-server.php(414): WP_REST_Server->dispatch()
#3 /home/admin/web/5.kpipartners.ru/public_html/wp-includes/rest-api.php(394): WP_REST_Server->serve_request()
#4 /home/admin/web/5.kpipartners.ru/public_html/wp-includes/class-wp-hook.php(307): rest_api_loaded()
#5 /home/admin/web/5.kpipartners.ru/public_html/wp-includes/class-wp-hook.php(331): WP_Hook->apply_filters()
#6 /home/admin/web/5.kpipartners.ru/public_html/wp-includes/plugin.php(524): WP_Hook->do_action()
#7 /home/admin/web/5.kpipartners.ru/public_html/wp-includes/class-wp.php(398): do_action_ref_array()
#8 /home/admin/web/5.kpipartners.ru/public_html/wp-includes/class-wp.php(770): WP->parse_request()
#9 /home/admin/web/5.kpipartners.ru/public_html/wp-includes/functions.php(1330): WP->main()
#10 /home/admin/web/5.kpipartners.ru/public_html/wp-blog-header.php(16): wp()
#11 /home/admin/web/5.kpipartners.ru/public_html/index.php(17): require('...')
#12 {main}
  thrown в /home/admin/web/5.kpipartners.ru/public_html/wp-content/plugins/wp-wc-add/wp-wc-add.php на строке 14

2022-07-20T16:26:06+00:00 CRITICAL Uncaught Error: Object of class WP_REST_Request could not be converted to string in /home/admin/web/5.kpipartners.ru/public_html/wp-content/plugins/wp-wc-add/wp-wc-add.php:14
Stack trace:
#0 /home/admin/web/5.kpipartners.ru/public_html/wp-includes/rest-api/class-wp-rest-server.php(1143): wl_get()
#1 /home/admin/web/5.kpipartners.ru/public_html/wp-includes/rest-api/class-wp-rest-server.php(990): WP_REST_Server->respond_to_request()
#2 /home/admin/web/5.kpipartners.ru/public_html/wp-includes/rest-api/class-wp-rest-server.php(414): WP_REST_Server->dispatch()
#3 /home/admin/web/5.kpipartners.ru/public_html/wp-includes/rest-api.php(394): WP_REST_Server->serve_request()
#4 /home/admin/web/5.kpipartners.ru/public_html/wp-includes/class-wp-hook.php(307): rest_api_loaded()
#5 /home/admin/web/5.kpipartners.ru/public_html/wp-includes/class-wp-hook.php(331): WP_Hook->apply_filters()
#6 /home/admin/web/5.kpipartners.ru/public_html/wp-includes/plugin.php(524): WP_Hook->do_action()
#7 /home/admin/web/5.kpipartners.ru/public_html/wp-includes/class-wp.php(398): do_action_ref_array()
#8 /home/admin/web/5.kpipartners.ru/public_html/wp-includes/class-wp.php(770): WP->parse_request()
#9 /home/admin/web/5.kpipartners.ru/public_html/wp-includes/functions.php(1330): WP->main()
#10 /home/admin/web/5.kpipartners.ru/public_html/wp-blog-header.php(16): wp()
#11 /home/admin/web/5.kpipartners.ru/public_html/index.php(17): require('...')
#12 {main}
  thrown в /home/admin/web/5.kpipartners.ru/public_html/wp-content/plugins/wp-wc-add/wp-wc-add.php на строке 14

2022-07-20T17:37:42+00:00 CRITICAL Uncaught Error: Call to undefined function mysql_fetch_assoc() in /home/admin/web/5.kpipartners.ru/public_html/wp-content/plugins/wp-wc-add/wp-wc-add.php:20
Stack trace:
#0 /home/admin/web/5.kpipartners.ru/public_html/wp-includes/rest-api/class-wp-rest-server.php(1143): wl_get()
#1 /home/admin/web/5.kpipartners.ru/public_html/wp-includes/rest-api/class-wp-rest-server.php(990): WP_REST_Server->respond_to_request()
#2 /home/admin/web/5.kpipartners.ru/public_html/wp-includes/rest-api/class-wp-rest-server.php(414): WP_REST_Server->dispatch()
#3 /home/admin/web/5.kpipartners.ru/public_html/wp-includes/rest-api.php(394): WP_REST_Server->serve_request()
#4 /home/admin/web/5.kpipartners.ru/public_html/wp-includes/class-wp-hook.php(307): rest_api_loaded()
#5 /home/admin/web/5.kpipartners.ru/public_html/wp-includes/class-wp-hook.php(331): WP_Hook->apply_filters()
#6 /home/admin/web/5.kpipartners.ru/public_html/wp-includes/plugin.php(524): WP_Hook->do_action()
#7 /home/admin/web/5.kpipartners.ru/public_html/wp-includes/class-wp.php(398): do_action_ref_array()
#8 /home/admin/web/5.kpipartners.ru/public_html/wp-includes/class-wp.php(770): WP->parse_request()
#9 /home/admin/web/5.kpipartners.ru/public_html/wp-includes/functions.php(1330): WP->main()
#10 /home/admin/web/5.kpipartners.ru/public_html/wp-blog-header.php(16): wp()
#11 /home/admin/web/5.kpipartners.ru/public_html/index.php(17): require('...')
#12 {main}
  thrown в /home/admin/web/5.kpipartners.ru/public_html/wp-content/plugins/wp-wc-add/wp-wc-add.php на строке 20

2022-07-20T17:44:18+00:00 CRITICAL Uncaught Error: Object of class mysqli_result could not be converted to string in /home/admin/web/5.kpipartners.ru/public_html/wp-content/plugins/wp-wc-add/wp-wc-add.php:24
Stack trace:
#0 /home/admin/web/5.kpipartners.ru/public_html/wp-includes/rest-api/class-wp-rest-server.php(1143): wl_get()
#1 /home/admin/web/5.kpipartners.ru/public_html/wp-includes/rest-api/class-wp-rest-server.php(990): WP_REST_Server->respond_to_request()
#2 /home/admin/web/5.kpipartners.ru/public_html/wp-includes/rest-api/class-wp-rest-server.php(414): WP_REST_Server->dispatch()
#3 /home/admin/web/5.kpipartners.ru/public_html/wp-includes/rest-api.php(394): WP_REST_Server->serve_request()
#4 /home/admin/web/5.kpipartners.ru/public_html/wp-includes/class-wp-hook.php(307): rest_api_loaded()
#5 /home/admin/web/5.kpipartners.ru/public_html/wp-includes/class-wp-hook.php(331): WP_Hook->apply_filters()
#6 /home/admin/web/5.kpipartners.ru/public_html/wp-includes/plugin.php(524): WP_Hook->do_action()
#7 /home/admin/web/5.kpipartners.ru/public_html/wp-includes/class-wp.php(398): do_action_ref_array()
#8 /home/admin/web/5.kpipartners.ru/public_html/wp-includes/class-wp.php(770): WP->parse_request()
#9 /home/admin/web/5.kpipartners.ru/public_html/wp-includes/functions.php(1330): WP->main()
#10 /home/admin/web/5.kpipartners.ru/public_html/wp-blog-header.php(16): wp()
#11 /home/admin/web/5.kpipartners.ru/public_html/index.php(17): require('...')
#12 {main}
  thrown в /home/admin/web/5.kpipartners.ru/public_html/wp-content/plugins/wp-wc-add/wp-wc-add.php на строке 24

2022-07-20T17:44:44+00:00 CRITICAL Uncaught Error: Object of class mysqli_result could not be converted to string in /home/admin/web/5.kpipartners.ru/public_html/wp-content/plugins/wp-wc-add/wp-wc-add.php:20
Stack trace:
#0 /home/admin/web/5.kpipartners.ru/public_html/wp-includes/rest-api/class-wp-rest-server.php(1143): wl_get()
#1 /home/admin/web/5.kpipartners.ru/public_html/wp-includes/rest-api/class-wp-rest-server.php(990): WP_REST_Server->respond_to_request()
#2 /home/admin/web/5.kpipartners.ru/public_html/wp-includes/rest-api/class-wp-rest-server.php(414): WP_REST_Server->dispatch()
#3 /home/admin/web/5.kpipartners.ru/public_html/wp-includes/rest-api.php(394): WP_REST_Server->serve_request()
#4 /home/admin/web/5.kpipartners.ru/public_html/wp-includes/class-wp-hook.php(307): rest_api_loaded()
#5 /home/admin/web/5.kpipartners.ru/public_html/wp-includes/class-wp-hook.php(331): WP_Hook->apply_filters()
#6 /home/admin/web/5.kpipartners.ru/public_html/wp-includes/plugin.php(524): WP_Hook->do_action()
#7 /home/admin/web/5.kpipartners.ru/public_html/wp-includes/class-wp.php(398): do_action_ref_array()
#8 /home/admin/web/5.kpipartners.ru/public_html/wp-includes/class-wp.php(770): WP->parse_request()
#9 /home/admin/web/5.kpipartners.ru/public_html/wp-includes/functions.php(1330): WP->main()
#10 /home/admin/web/5.kpipartners.ru/public_html/wp-blog-header.php(16): wp()
#11 /home/admin/web/5.kpipartners.ru/public_html/index.php(17): require('...')
#12 {main}
  thrown в /home/admin/web/5.kpipartners.ru/public_html/wp-content/plugins/wp-wc-add/wp-wc-add.php на строке 20

2022-07-20T17:49:56+00:00 CRITICAL Uncaught Error: Object of class mysqli_result could not be converted to string in /home/admin/web/5.kpipartners.ru/public_html/wp-content/plugins/wp-wc-add/wp-wc-add.php:21
Stack trace:
#0 /home/admin/web/5.kpipartners.ru/public_html/wp-includes/rest-api/class-wp-rest-server.php(1143): wl_get()
#1 /home/admin/web/5.kpipartners.ru/public_html/wp-includes/rest-api/class-wp-rest-server.php(990): WP_REST_Server->respond_to_request()
#2 /home/admin/web/5.kpipartners.ru/public_html/wp-includes/rest-api/class-wp-rest-server.php(414): WP_REST_Server->dispatch()
#3 /home/admin/web/5.kpipartners.ru/public_html/wp-includes/rest-api.php(394): WP_REST_Server->serve_request()
#4 /home/admin/web/5.kpipartners.ru/public_html/wp-includes/class-wp-hook.php(307): rest_api_loaded()
#5 /home/admin/web/5.kpipartners.ru/public_html/wp-includes/class-wp-hook.php(331): WP_Hook->apply_filters()
#6 /home/admin/web/5.kpipartners.ru/public_html/wp-includes/plugin.php(524): WP_Hook->do_action()
#7 /home/admin/web/5.kpipartners.ru/public_html/wp-includes/class-wp.php(398): do_action_ref_array()
#8 /home/admin/web/5.kpipartners.ru/public_html/wp-includes/class-wp.php(770): WP->parse_request()
#9 /home/admin/web/5.kpipartners.ru/public_html/wp-includes/functions.php(1330): WP->main()
#10 /home/admin/web/5.kpipartners.ru/public_html/wp-blog-header.php(16): wp()
#11 /home/admin/web/5.kpipartners.ru/public_html/index.php(17): require('...')
#12 {main}
  thrown в /home/admin/web/5.kpipartners.ru/public_html/wp-content/plugins/wp-wc-add/wp-wc-add.php на строке 21

2022-07-20T17:50:12+00:00 CRITICAL Uncaught Error: Object of class mysqli_result could not be converted to string in /home/admin/web/5.kpipartners.ru/public_html/wp-content/plugins/wp-wc-add/wp-wc-add.php:21
Stack trace:
#0 /home/admin/web/5.kpipartners.ru/public_html/wp-includes/rest-api/class-wp-rest-server.php(1143): wl_get()
#1 /home/admin/web/5.kpipartners.ru/public_html/wp-includes/rest-api/class-wp-rest-server.php(990): WP_REST_Server->respond_to_request()
#2 /home/admin/web/5.kpipartners.ru/public_html/wp-includes/rest-api/class-wp-rest-server.php(414): WP_REST_Server->dispatch()
#3 /home/admin/web/5.kpipartners.ru/public_html/wp-includes/rest-api.php(394): WP_REST_Server->serve_request()
#4 /home/admin/web/5.kpipartners.ru/public_html/wp-includes/class-wp-hook.php(307): rest_api_loaded()
#5 /home/admin/web/5.kpipartners.ru/public_html/wp-includes/class-wp-hook.php(331): WP_Hook->apply_filters()
#6 /home/admin/web/5.kpipartners.ru/public_html/wp-includes/plugin.php(524): WP_Hook->do_action()
#7 /home/admin/web/5.kpipartners.ru/public_html/wp-includes/class-wp.php(398): do_action_ref_array()
#8 /home/admin/web/5.kpipartners.ru/public_html/wp-includes/class-wp.php(770): WP->parse_request()
#9 /home/admin/web/5.kpipartners.ru/public_html/wp-includes/functions.php(1330): WP->main()
#10 /home/admin/web/5.kpipartners.ru/public_html/wp-blog-header.php(16): wp()
#11 /home/admin/web/5.kpipartners.ru/public_html/index.php(17): require('...')
#12 {main}
  thrown в /home/admin/web/5.kpipartners.ru/public_html/wp-content/plugins/wp-wc-add/wp-wc-add.php на строке 21

2022-07-20T17:50:41+00:00 CRITICAL Uncaught Error: Object of class mysqli_result could not be converted to string in /home/admin/web/5.kpipartners.ru/public_html/wp-content/plugins/wp-wc-add/wp-wc-add.php:21
Stack trace:
#0 /home/admin/web/5.kpipartners.ru/public_html/wp-includes/rest-api/class-wp-rest-server.php(1143): wl_get()
#1 /home/admin/web/5.kpipartners.ru/public_html/wp-includes/rest-api/class-wp-rest-server.php(990): WP_REST_Server->respond_to_request()
#2 /home/admin/web/5.kpipartners.ru/public_html/wp-includes/rest-api/class-wp-rest-server.php(414): WP_REST_Server->dispatch()
#3 /home/admin/web/5.kpipartners.ru/public_html/wp-includes/rest-api.php(394): WP_REST_Server->serve_request()
#4 /home/admin/web/5.kpipartners.ru/public_html/wp-includes/class-wp-hook.php(307): rest_api_loaded()
#5 /home/admin/web/5.kpipartners.ru/public_html/wp-includes/class-wp-hook.php(331): WP_Hook->apply_filters()
#6 /home/admin/web/5.kpipartners.ru/public_html/wp-includes/plugin.php(524): WP_Hook->do_action()
#7 /home/admin/web/5.kpipartners.ru/public_html/wp-includes/class-wp.php(398): do_action_ref_array()
#8 /home/admin/web/5.kpipartners.ru/public_html/wp-includes/class-wp.php(770): WP->parse_request()
#9 /home/admin/web/5.kpipartners.ru/public_html/wp-includes/functions.php(1330): WP->main()
#10 /home/admin/web/5.kpipartners.ru/public_html/wp-blog-header.php(16): wp()
#11 /home/admin/web/5.kpipartners.ru/public_html/index.php(17): require('...')
#12 {main}
  thrown в /home/admin/web/5.kpipartners.ru/public_html/wp-content/plugins/wp-wc-add/wp-wc-add.php на строке 21

2022-07-20T17:54:24+00:00 CRITICAL Uncaught Error: Call to a member function fetch_assoc() on int in /home/admin/web/5.kpipartners.ru/public_html/wp-content/plugins/wp-wc-add/wp-wc-add.php:21
Stack trace:
#0 /home/admin/web/5.kpipartners.ru/public_html/wp-includes/rest-api/class-wp-rest-server.php(1143): wl_get()
#1 /home/admin/web/5.kpipartners.ru/public_html/wp-includes/rest-api/class-wp-rest-server.php(990): WP_REST_Server->respond_to_request()
#2 /home/admin/web/5.kpipartners.ru/public_html/wp-includes/rest-api/class-wp-rest-server.php(414): WP_REST_Server->dispatch()
#3 /home/admin/web/5.kpipartners.ru/public_html/wp-includes/rest-api.php(394): WP_REST_Server->serve_request()
#4 /home/admin/web/5.kpipartners.ru/public_html/wp-includes/class-wp-hook.php(307): rest_api_loaded()
#5 /home/admin/web/5.kpipartners.ru/public_html/wp-includes/class-wp-hook.php(331): WP_Hook->apply_filters()
#6 /home/admin/web/5.kpipartners.ru/public_html/wp-includes/plugin.php(524): WP_Hook->do_action()
#7 /home/admin/web/5.kpipartners.ru/public_html/wp-includes/class-wp.php(398): do_action_ref_array()
#8 /home/admin/web/5.kpipartners.ru/public_html/wp-includes/class-wp.php(770): WP->parse_request()
#9 /home/admin/web/5.kpipartners.ru/public_html/wp-includes/functions.php(1330): WP->main()
#10 /home/admin/web/5.kpipartners.ru/public_html/wp-blog-header.php(16): wp()
#11 /home/admin/web/5.kpipartners.ru/public_html/index.php(17): require('...')
#12 {main}
  thrown в /home/admin/web/5.kpipartners.ru/public_html/wp-content/plugins/wp-wc-add/wp-wc-add.php на строке 21

2022-07-20T17:54:29+00:00 CRITICAL Uncaught Error: Call to a member function fetch_assoc() on int in /home/admin/web/5.kpipartners.ru/public_html/wp-content/plugins/wp-wc-add/wp-wc-add.php:21
Stack trace:
#0 /home/admin/web/5.kpipartners.ru/public_html/wp-includes/rest-api/class-wp-rest-server.php(1143): wl_get()
#1 /home/admin/web/5.kpipartners.ru/public_html/wp-includes/rest-api/class-wp-rest-server.php(990): WP_REST_Server->respond_to_request()
#2 /home/admin/web/5.kpipartners.ru/public_html/wp-includes/rest-api/class-wp-rest-server.php(414): WP_REST_Server->dispatch()
#3 /home/admin/web/5.kpipartners.ru/public_html/wp-includes/rest-api.php(394): WP_REST_Server->serve_request()
#4 /home/admin/web/5.kpipartners.ru/public_html/wp-includes/class-wp-hook.php(307): rest_api_loaded()
#5 /home/admin/web/5.kpipartners.ru/public_html/wp-includes/class-wp-hook.php(331): WP_Hook->apply_filters()
#6 /home/admin/web/5.kpipartners.ru/public_html/wp-includes/plugin.php(524): WP_Hook->do_action()
#7 /home/admin/web/5.kpipartners.ru/public_html/wp-includes/class-wp.php(398): do_action_ref_array()
#8 /home/admin/web/5.kpipartners.ru/public_html/wp-includes/class-wp.php(770): WP->parse_request()
#9 /home/admin/web/5.kpipartners.ru/public_html/wp-includes/functions.php(1330): WP->main()
#10 /home/admin/web/5.kpipartners.ru/public_html/wp-blog-header.php(16): wp()
#11 /home/admin/web/5.kpipartners.ru/public_html/index.php(17): require('...')
#12 {main}
  thrown в /home/admin/web/5.kpipartners.ru/public_html/wp-content/plugins/wp-wc-add/wp-wc-add.php на строке 21

2022-07-20T17:54:36+00:00 CRITICAL Uncaught Error: Call to a member function fetch_assoc() on int in /home/admin/web/5.kpipartners.ru/public_html/wp-content/plugins/wp-wc-add/wp-wc-add.php:21
Stack trace:
#0 /home/admin/web/5.kpipartners.ru/public_html/wp-includes/rest-api/class-wp-rest-server.php(1143): wl_get()
#1 /home/admin/web/5.kpipartners.ru/public_html/wp-includes/rest-api/class-wp-rest-server.php(990): WP_REST_Server->respond_to_request()
#2 /home/admin/web/5.kpipartners.ru/public_html/wp-includes/rest-api/class-wp-rest-server.php(414): WP_REST_Server->dispatch()
#3 /home/admin/web/5.kpipartners.ru/public_html/wp-includes/rest-api.php(394): WP_REST_Server->serve_request()
#4 /home/admin/web/5.kpipartners.ru/public_html/wp-includes/class-wp-hook.php(307): rest_api_loaded()
#5 /home/admin/web/5.kpipartners.ru/public_html/wp-includes/class-wp-hook.php(331): WP_Hook->apply_filters()
#6 /home/admin/web/5.kpipartners.ru/public_html/wp-includes/plugin.php(524): WP_Hook->do_action()
#7 /home/admin/web/5.kpipartners.ru/public_html/wp-includes/class-wp.php(398): do_action_ref_array()
#8 /home/admin/web/5.kpipartners.ru/public_html/wp-includes/class-wp.php(770): WP->parse_request()
#9 /home/admin/web/5.kpipartners.ru/public_html/wp-includes/functions.php(1330): WP->main()
#10 /home/admin/web/5.kpipartners.ru/public_html/wp-blog-header.php(16): wp()
#11 /home/admin/web/5.kpipartners.ru/public_html/index.php(17): require('...')
#12 {main}
  thrown в /home/admin/web/5.kpipartners.ru/public_html/wp-content/plugins/wp-wc-add/wp-wc-add.php на строке 21

